#
# There is insufficient memory for the Java Runtime Environment to continue.
# Native memory allocation (mmap) failed to map 65536 bytes for Failed to commit metaspace.
# Possible reasons:
#   The system is out of physical RAM or swap space
#   The process is running with CompressedOops enabled, and the Java Heap may be blocking the growth of the native heap
# Possible solutions:
#   Reduce memory load on the system
#   Increase physical memory or swap space
#   Check if swap backing store is full
#   Decrease Java heap size (-Xmx/-Xms)
#   Decrease number of Java threads
#   Decrease Java thread stack sizes (-Xss)
#   Set larger code cache with -XX:ReservedCodeCacheSize=
#   JVM is running with Zero Based Compressed Oops mode in which the Java heap is
#     placed in the first 32GB address space. The Java Heap base address is the
#     maximum limit for the native heap growth. Please use -XX:HeapBaseMinAddress
#     to set the Java Heap base and to place the Java Heap above 32GB virtual address.
# This output file may be truncated or incomplete.
#
#  Out of Memory Error (virtualSpaceNode.cpp:110), pid=12776, tid=23208
#
# JRE version: OpenJDK Runtime Environment (17.0.6) (build 17.0.6+0-b2043.56-10027231)
# Java VM: OpenJDK 64-Bit Server VM (17.0.6+0-b2043.56-10027231, mixed mode, tiered, compressed oops, compressed class ptrs, g1 gc, windows-amd64)
# No core dump will be written. Minidumps are not enabled by default on client versions of Windows
#

---------------  S U M M A R Y ------------

Command Line: -Dorg.gradle.appname=gradlew org.gradle.wrapper.GradleWrapperMain -q -Ptarget-platform=android-arm64 -Ptarget=D:\work\Flutter_to_do\repo_6\lib\main.dart -Pbase-application-name=android.app.Application -Pdart-defines=Zmx1dHRlci5pbnNwZWN0b3Iuc3RydWN0dXJlZEVycm9ycz10cnVl,RkxVVFRFUl9XRUJfQVVUT19ERVRFQ1Q9dHJ1ZQ==,RkxVVFRFUl9XRUJfQ0FOVkFTS0lUX1VSTD1odHRwczovL3d3dy5nc3RhdGljLmNvbS9mbHV0dGVyLWNhbnZhc2tpdC9hNzk0Y2YyNjgxYzZjOWZlN2IyNjBlMGU4NGRlOTYyOThkYzljMThiLw== -Pdart-obfuscation=false -Ptrack-widget-creation=true -Ptree-shake-icons=false -Pfilesystem-scheme=org-dartlang-root assembleDebug

Host: AMD Ryzen 7 2700X Eight-Core Processor         , 16 cores, 15G,  Windows 10 , 64 bit Build 19041 (10.0.19041.3636)
Time: Fri Feb  9 14:57:22 2024 India Standard Time elapsed time: 0.160465 seconds (0d 0h 0m 0s)

---------------  T H R E A D  ---------------

Current thread (0x0000022ea42ce000):  JavaThread "main" [_thread_in_vm, id=23208, stack(0x000000f0f3900000,0x000000f0f3a00000)]

Stack: [0x000000f0f3900000,0x000000f0f3a00000]
Native frames: (J=compiled Java code, j=interpreted, Vv=VM code, C=native code)
V  [jvm.dll+0x683c9a]
V  [jvm.dll+0x8427a4]
V  [jvm.dll+0x843f9e]
V  [jvm.dll+0x844603]
V  [jvm.dll+0x249b75]
V  [jvm.dll+0x83e7fb]
V  [jvm.dll+0x628006]
V  [jvm.dll+0x62806a]
V  [jvm.dll+0x62a87a]
V  [jvm.dll+0x6289a6]
V  [jvm.dll+0x23db6f]
V  [jvm.dll+0x632795]
V  [jvm.dll+0x1eda2b]
V  [jvm.dll+0x1edf65]
V  [jvm.dll+0x1ee884]
V  [jvm.dll+0x1e3dcc]
V  [jvm.dll+0x547fed]
V  [jvm.dll+0x1f46eb]
V  [jvm.dll+0x7bc7cb]
V  [jvm.dll+0x7bdc12]
V  [jvm.dll+0x7bdf48]
V  [jvm.dll+0x24190e]
V  [jvm.dll+0x38437e]
C  0x0000022eb0deb704

Java frames: (J=compiled Java code, j=interpreted, Vv=VM code)
j  sun.nio.ch.FileChannelImpl.fileLockTable()Lsun/nio/ch/FileLockTable;+31 java.base@17.0.6
j  sun.nio.ch.FileChannelImpl.tryLock(JJZ)Ljava/nio/channels/FileLock;+59 java.base@17.0.6
j  java.nio.channels.FileChannel.tryLock()Ljava/nio/channels/FileLock;+6 java.base@17.0.6
j  org.gradle.wrapper.ExclusiveFileAccessManager.access(Ljava/io/File;Ljava/util/concurrent/Callable;)Ljava/lang/Object;+97
j  org.gradle.wrapper.Install.createDist(Lorg/gradle/wrapper/WrapperConfiguration;)Ljava/io/File;+55
j  org.gradle.wrapper.WrapperExecutor.execute([Ljava/lang/String;Lorg/gradle/wrapper/Install;Lorg/gradle/wrapper/BootstrapMainStarter;)V+5
j  org.gradle.wrapper.GradleWrapperMain.main([Ljava/lang/String;)V+190
v  ~StubRoutines::call_stub

---------------  P R O C E S S  ---------------

Threads class SMR info:
_java_thread_list=0x0000022ec6617f30, length=13, elements={
0x0000022ea42ce000, 0x0000022ec646ec10, 0x0000022ec646fa80, 0x0000022ec64bb900,
0x0000022ec64bf2d0, 0x0000022ec64c0c90, 0x0000022ec64c3260, 0x0000022ec64d85c0,
0x0000022ec64e0c80, 0x0000022ec64eb280, 0x0000022ec6624f60, 0x0000022ec662e8a0,
0x0000022ec6632d90
}

Java Threads: ( => current thread )
=>0x0000022ea42ce000 JavaThread "main" [_thread_in_vm, id=23208, stack(0x000000f0f3900000,0x000000f0f3a00000)]
  0x0000022ec646ec10 JavaThread "Reference Handler" daemon [_thread_blocked, id=20348, stack(0x000000f0f4000000,0x000000f0f4100000)]
  0x0000022ec646fa80 JavaThread "Finalizer" daemon [_thread_blocked, id=4792, stack(0x000000f0f4100000,0x000000f0f4200000)]
  0x0000022ec64bb900 JavaThread "Signal Dispatcher" daemon [_thread_blocked, id=22540, stack(0x000000f0f4200000,0x000000f0f4300000)]
  0x0000022ec64bf2d0 JavaThread "Attach Listener" daemon [_thread_blocked, id=18424, stack(0x000000f0f4300000,0x000000f0f4400000)]
  0x0000022ec64c0c90 JavaThread "Service Thread" daemon [_thread_blocked, id=20604, stack(0x000000f0f4400000,0x000000f0f4500000)]
  0x0000022ec64c3260 JavaThread "Monitor Deflation Thread" daemon [_thread_blocked, id=14928, stack(0x000000f0f4500000,0x000000f0f4600000)]
  0x0000022ec64d85c0 JavaThread "C2 CompilerThread0" daemon [_thread_blocked, id=14540, stack(0x000000f0f4600000,0x000000f0f4700000)]
  0x0000022ec64e0c80 JavaThread "C1 CompilerThread0" daemon [_thread_blocked, id=20868, stack(0x000000f0f4700000,0x000000f0f4800000)]
  0x0000022ec64eb280 JavaThread "Sweeper thread" daemon [_thread_blocked, id=15656, stack(0x000000f0f4800000,0x000000f0f4900000)]
  0x0000022ec6624f60 JavaThread "C1 CompilerThread1" daemon [_thread_blocked, id=22500, stack(0x000000f0f4900000,0x000000f0f4a00000)]
  0x0000022ec662e8a0 JavaThread "Notification Thread" daemon [_thread_blocked, id=22192, stack(0x000000f0f4a00000,0x000000f0f4b00000)]
  0x0000022ec6632d90 JavaThread "Common-Cleaner" daemon [_thread_blocked, id=480, stack(0x000000f0f4c00000,0x000000f0f4d00000)]

Other Threads:
  0x0000022ec646d000 VMThread "VM Thread" [stack: 0x000000f0f3f00000,0x000000f0f4000000] [id=20824]
  0x0000022ec4ea4270 WatcherThread [stack: 0x000000f0f4b00000,0x000000f0f4c00000] [id=21116]
  0x0000022ea65281d0 GCTaskThread "GC Thread#0" [stack: 0x000000f0f3a00000,0x000000f0f3b00000] [id=9264]
  0x0000022ea6539120 ConcurrentGCThread "G1 Main Marker" [stack: 0x000000f0f3b00000,0x000000f0f3c00000] [id=9960]
  0x0000022ea653a2d0 ConcurrentGCThread "G1 Conc#0" [stack: 0x000000f0f3c00000,0x000000f0f3d00000] [id=10040]
  0x0000022ea6574510 ConcurrentGCThread "G1 Refine#0" [stack: 0x000000f0f3d00000,0x000000f0f3e00000] [id=6476]
  0x0000022ec4d76020 ConcurrentGCThread "G1 Service" [stack: 0x000000f0f3e00000,0x000000f0f3f00000] [id=17600]

Threads with active compile tasks:

VM state: not at safepoint (normal execution)

VM Mutex/Monitor currently owned by a thread:  ([mutex/lock_event])
[0x0000022ea64b85a0] Metaspace_lock - owner thread: 0x0000022ea42ce000

Heap address: 0x0000000700c00000, size: 4084 MB, Compressed Oops mode: Zero based, Oop shift amount: 3

CDS archive(s) not mapped
Compressed class space mapped at: 0x0000000800000000-0x0000000840000000, reserved size: 1073741824
Narrow klass base: 0x0000000800000000, Narrow klass shift: 0, Narrow klass range: 0x40000000

GC Precious Log:
 CPUs: 16 total, 16 available
 Memory: 16334M
 Large Page Support: Disabled
 NUMA Support: Disabled
 Compressed Oops: Enabled (Zero based)
 Heap Region Size: 2M
 Heap Min Capacity: 8M
 Heap Initial Capacity: 256M
 Heap Max Capacity: 4084M
 Pre-touch: Disabled
 Parallel Workers: 13
 Concurrent Workers: 3
 Concurrent Refinement Workers: 13
 Periodic GC: Disabled

Heap:
 garbage-first heap   total 262144K, used 2048K [0x0000000700c00000, 0x0000000800000000)
  region size 2048K, 2 young (4096K), 0 survivors (0K)
 Metaspace       used 7633K, committed 7744K, reserved 1056768K
  class space    used 662K, committed 768K, reserved 1048576K

Heap Regions: E=young(eden), S=young(survivor), O=old, HS=humongous(starts), HC=humongous(continues), CS=collection set, F=free, OA=open archive, CA=closed archive, TAMS=top-at-mark-start (previous, next)
|   0|0x0000000700c00000, 0x0000000700c00000, 0x0000000700e00000|  0%| F|  |TAMS 0x0000000700c00000, 0x0000000700c00000| Untracked 
|   1|0x0000000700e00000, 0x0000000700e00000, 0x0000000701000000|  0%| F|  |TAMS 0x0000000700e00000, 0x0000000700e00000| Untracked 
|   2|0x0000000701000000, 0x0000000701000000, 0x0000000701200000|  0%| F|  |TAMS 0x0000000701000000, 0x0000000701000000| Untracked 
|   3|0x0000000701200000, 0x0000000701200000, 0x0000000701400000|  0%| F|  |TAMS 0x0000000701200000, 0x0000000701200000| Untracked 
|   4|0x0000000701400000, 0x0000000701400000, 0x0000000701600000|  0%| F|  |TAMS 0x0000000701400000, 0x0000000701400000| Untracked 
|   5|0x0000000701600000, 0x0000000701600000, 0x0000000701800000|  0%| F|  |TAMS 0x0000000701600000, 0x0000000701600000| Untracked 
|   6|0x0000000701800000, 0x0000000701800000, 0x0000000701a00000|  0%| F|  |TAMS 0x0000000701800000, 0x0000000701800000| Untracked 
|   7|0x0000000701a00000, 0x0000000701a00000, 0x0000000701c00000|  0%| F|  |TAMS 0x0000000701a00000, 0x0000000701a00000| Untracked 
|   8|0x0000000701c00000, 0x0000000701c00000, 0x0000000701e00000|  0%| F|  |TAMS 0x0000000701c00000, 0x0000000701c00000| Untracked 
|   9|0x0000000701e00000, 0x0000000701e00000, 0x0000000702000000|  0%| F|  |TAMS 0x0000000701e00000, 0x0000000701e00000| Untracked 
|  10|0x0000000702000000, 0x0000000702000000, 0x0000000702200000|  0%| F|  |TAMS 0x0000000702000000, 0x0000000702000000| Untracked 
|  11|0x0000000702200000, 0x0000000702200000, 0x0000000702400000|  0%| F|  |TAMS 0x0000000702200000, 0x0000000702200000| Untracked 
|  12|0x0000000702400000, 0x0000000702400000, 0x0000000702600000|  0%| F|  |TAMS 0x0000000702400000, 0x0000000702400000| Untracked 
|  13|0x0000000702600000, 0x0000000702600000, 0x0000000702800000|  0%| F|  |TAMS 0x0000000702600000, 0x0000000702600000| Untracked 
|  14|0x0000000702800000, 0x0000000702800000, 0x0000000702a00000|  0%| F|  |TAMS 0x0000000702800000, 0x0000000702800000| Untracked 
|  15|0x0000000702a00000, 0x0000000702a00000, 0x0000000702c00000|  0%| F|  |TAMS 0x0000000702a00000, 0x0000000702a00000| Untracked 
|  16|0x0000000702c00000, 0x0000000702c00000, 0x0000000702e00000|  0%| F|  |TAMS 0x0000000702c00000, 0x0000000702c00000| Untracked 
|  17|0x0000000702e00000, 0x0000000702e00000, 0x0000000703000000|  0%| F|  |TAMS 0x0000000702e00000, 0x0000000702e00000| Untracked 
|  18|0x0000000703000000, 0x0000000703000000, 0x0000000703200000|  0%| F|  |TAMS 0x0000000703000000, 0x0000000703000000| Untracked 
|  19|0x0000000703200000, 0x0000000703200000, 0x0000000703400000|  0%| F|  |TAMS 0x0000000703200000, 0x0000000703200000| Untracked 
|  20|0x0000000703400000, 0x0000000703400000, 0x0000000703600000|  0%| F|  |TAMS 0x0000000703400000, 0x0000000703400000| Untracked 
|  21|0x0000000703600000, 0x0000000703600000, 0x0000000703800000|  0%| F|  |TAMS 0x0000000703600000, 0x0000000703600000| Untracked 
|  22|0x0000000703800000, 0x0000000703800000, 0x0000000703a00000|  0%| F|  |TAMS 0x0000000703800000, 0x0000000703800000| Untracked 
|  23|0x0000000703a00000, 0x0000000703a00000, 0x0000000703c00000|  0%| F|  |TAMS 0x0000000703a00000, 0x0000000703a00000| Untracked 
|  24|0x0000000703c00000, 0x0000000703c00000, 0x0000000703e00000|  0%| F|  |TAMS 0x0000000703c00000, 0x0000000703c00000| Untracked 
|  25|0x0000000703e00000, 0x0000000703e00000, 0x0000000704000000|  0%| F|  |TAMS 0x0000000703e00000, 0x0000000703e00000| Untracked 
|  26|0x0000000704000000, 0x0000000704000000, 0x0000000704200000|  0%| F|  |TAMS 0x0000000704000000, 0x0000000704000000| Untracked 
|  27|0x0000000704200000, 0x0000000704200000, 0x0000000704400000|  0%| F|  |TAMS 0x0000000704200000, 0x0000000704200000| Untracked 
|  28|0x0000000704400000, 0x0000000704400000, 0x0000000704600000|  0%| F|  |TAMS 0x0000000704400000, 0x0000000704400000| Untracked 
|  29|0x0000000704600000, 0x0000000704600000, 0x0000000704800000|  0%| F|  |TAMS 0x0000000704600000, 0x0000000704600000| Untracked 
|  30|0x0000000704800000, 0x0000000704800000, 0x0000000704a00000|  0%| F|  |TAMS 0x0000000704800000, 0x0000000704800000| Untracked 
|  31|0x0000000704a00000, 0x0000000704a00000, 0x0000000704c00000|  0%| F|  |TAMS 0x0000000704a00000, 0x0000000704a00000| Untracked 
|  32|0x0000000704c00000, 0x0000000704c00000, 0x0000000704e00000|  0%| F|  |TAMS 0x0000000704c00000, 0x0000000704c00000| Untracked 
|  33|0x0000000704e00000, 0x0000000704e00000, 0x0000000705000000|  0%| F|  |TAMS 0x0000000704e00000, 0x0000000704e00000| Untracked 
|  34|0x0000000705000000, 0x0000000705000000, 0x0000000705200000|  0%| F|  |TAMS 0x0000000705000000, 0x0000000705000000| Untracked 
|  35|0x0000000705200000, 0x0000000705200000, 0x0000000705400000|  0%| F|  |TAMS 0x0000000705200000, 0x0000000705200000| Untracked 
|  36|0x0000000705400000, 0x0000000705400000, 0x0000000705600000|  0%| F|  |TAMS 0x0000000705400000, 0x0000000705400000| Untracked 
|  37|0x0000000705600000, 0x0000000705600000, 0x0000000705800000|  0%| F|  |TAMS 0x0000000705600000, 0x0000000705600000| Untracked 
|  38|0x0000000705800000, 0x0000000705800000, 0x0000000705a00000|  0%| F|  |TAMS 0x0000000705800000, 0x0000000705800000| Untracked 
|  39|0x0000000705a00000, 0x0000000705a00000, 0x0000000705c00000|  0%| F|  |TAMS 0x0000000705a00000, 0x0000000705a00000| Untracked 
|  40|0x0000000705c00000, 0x0000000705c00000, 0x0000000705e00000|  0%| F|  |TAMS 0x0000000705c00000, 0x0000000705c00000| Untracked 
|  41|0x0000000705e00000, 0x0000000705e00000, 0x0000000706000000|  0%| F|  |TAMS 0x0000000705e00000, 0x0000000705e00000| Untracked 
|  42|0x0000000706000000, 0x0000000706000000, 0x0000000706200000|  0%| F|  |TAMS 0x0000000706000000, 0x0000000706000000| Untracked 
|  43|0x0000000706200000, 0x0000000706200000, 0x0000000706400000|  0%| F|  |TAMS 0x0000000706200000, 0x0000000706200000| Untracked 
|  44|0x0000000706400000, 0x0000000706400000, 0x0000000706600000|  0%| F|  |TAMS 0x0000000706400000, 0x0000000706400000| Untracked 
|  45|0x0000000706600000, 0x0000000706600000, 0x0000000706800000|  0%| F|  |TAMS 0x0000000706600000, 0x0000000706600000| Untracked 
|  46|0x0000000706800000, 0x0000000706800000, 0x0000000706a00000|  0%| F|  |TAMS 0x0000000706800000, 0x0000000706800000| Untracked 
|  47|0x0000000706a00000, 0x0000000706a00000, 0x0000000706c00000|  0%| F|  |TAMS 0x0000000706a00000, 0x0000000706a00000| Untracked 
|  48|0x0000000706c00000, 0x0000000706c00000, 0x0000000706e00000|  0%| F|  |TAMS 0x0000000706c00000, 0x0000000706c00000| Untracked 
|  49|0x0000000706e00000, 0x0000000706e00000, 0x0000000707000000|  0%| F|  |TAMS 0x0000000706e00000, 0x0000000706e00000| Untracked 
|  50|0x0000000707000000, 0x0000000707000000, 0x0000000707200000|  0%| F|  |TAMS 0x0000000707000000, 0x0000000707000000| Untracked 
|  51|0x0000000707200000, 0x0000000707200000, 0x0000000707400000|  0%| F|  |TAMS 0x0000000707200000, 0x0000000707200000| Untracked 
|  52|0x0000000707400000, 0x0000000707400000, 0x0000000707600000|  0%| F|  |TAMS 0x0000000707400000, 0x0000000707400000| Untracked 
|  53|0x0000000707600000, 0x0000000707600000, 0x0000000707800000|  0%| F|  |TAMS 0x0000000707600000, 0x0000000707600000| Untracked 
|  54|0x0000000707800000, 0x0000000707800000, 0x0000000707a00000|  0%| F|  |TAMS 0x0000000707800000, 0x0000000707800000| Untracked 
|  55|0x0000000707a00000, 0x0000000707a00000, 0x0000000707c00000|  0%| F|  |TAMS 0x0000000707a00000, 0x0000000707a00000| Untracked 
|  56|0x0000000707c00000, 0x0000000707c00000, 0x0000000707e00000|  0%| F|  |TAMS 0x0000000707c00000, 0x0000000707c00000| Untracked 
|  57|0x0000000707e00000, 0x0000000707e00000, 0x0000000708000000|  0%| F|  |TAMS 0x0000000707e00000, 0x0000000707e00000| Untracked 
|  58|0x0000000708000000, 0x0000000708000000, 0x0000000708200000|  0%| F|  |TAMS 0x0000000708000000, 0x0000000708000000| Untracked 
|  59|0x0000000708200000, 0x0000000708200000, 0x0000000708400000|  0%| F|  |TAMS 0x0000000708200000, 0x0000000708200000| Untracked 
|  60|0x0000000708400000, 0x0000000708400000, 0x0000000708600000|  0%| F|  |TAMS 0x0000000708400000, 0x0000000708400000| Untracked 
|  61|0x0000000708600000, 0x0000000708600000, 0x0000000708800000|  0%| F|  |TAMS 0x0000000708600000, 0x0000000708600000| Untracked 
|  62|0x0000000708800000, 0x0000000708800000, 0x0000000708a00000|  0%| F|  |TAMS 0x0000000708800000, 0x0000000708800000| Untracked 
|  63|0x0000000708a00000, 0x0000000708a00000, 0x0000000708c00000|  0%| F|  |TAMS 0x0000000708a00000, 0x0000000708a00000| Untracked 
|  64|0x0000000708c00000, 0x0000000708c00000, 0x0000000708e00000|  0%| F|  |TAMS 0x0000000708c00000, 0x0000000708c00000| Untracked 
|  65|0x0000000708e00000, 0x0000000708e00000, 0x0000000709000000|  0%| F|  |TAMS 0x0000000708e00000, 0x0000000708e00000| Untracked 
|  66|0x0000000709000000, 0x0000000709000000, 0x0000000709200000|  0%| F|  |TAMS 0x0000000709000000, 0x0000000709000000| Untracked 
|  67|0x0000000709200000, 0x0000000709200000, 0x0000000709400000|  0%| F|  |TAMS 0x0000000709200000, 0x0000000709200000| Untracked 
|  68|0x0000000709400000, 0x0000000709400000, 0x0000000709600000|  0%| F|  |TAMS 0x0000000709400000, 0x0000000709400000| Untracked 
|  69|0x0000000709600000, 0x0000000709600000, 0x0000000709800000|  0%| F|  |TAMS 0x0000000709600000, 0x0000000709600000| Untracked 
|  70|0x0000000709800000, 0x0000000709800000, 0x0000000709a00000|  0%| F|  |TAMS 0x0000000709800000, 0x0000000709800000| Untracked 
|  71|0x0000000709a00000, 0x0000000709a00000, 0x0000000709c00000|  0%| F|  |TAMS 0x0000000709a00000, 0x0000000709a00000| Untracked 
|  72|0x0000000709c00000, 0x0000000709c00000, 0x0000000709e00000|  0%| F|  |TAMS 0x0000000709c00000, 0x0000000709c00000| Untracked 
|  73|0x0000000709e00000, 0x0000000709e00000, 0x000000070a000000|  0%| F|  |TAMS 0x0000000709e00000, 0x0000000709e00000| Untracked 
|  74|0x000000070a000000, 0x000000070a000000, 0x000000070a200000|  0%| F|  |TAMS 0x000000070a000000, 0x000000070a000000| Untracked 
|  75|0x000000070a200000, 0x000000070a200000, 0x000000070a400000|  0%| F|  |TAMS 0x000000070a200000, 0x000000070a200000| Untracked 
|  76|0x000000070a400000, 0x000000070a400000, 0x000000070a600000|  0%| F|  |TAMS 0x000000070a400000, 0x000000070a400000| Untracked 
|  77|0x000000070a600000, 0x000000070a600000, 0x000000070a800000|  0%| F|  |TAMS 0x000000070a600000, 0x000000070a600000| Untracked 
|  78|0x000000070a800000, 0x000000070a800000, 0x000000070aa00000|  0%| F|  |TAMS 0x000000070a800000, 0x000000070a800000| Untracked 
|  79|0x000000070aa00000, 0x000000070aa00000, 0x000000070ac00000|  0%| F|  |TAMS 0x000000070aa00000, 0x000000070aa00000| Untracked 
|  80|0x000000070ac00000, 0x000000070ac00000, 0x000000070ae00000|  0%| F|  |TAMS 0x000000070ac00000, 0x000000070ac00000| Untracked 
|  81|0x000000070ae00000, 0x000000070ae00000, 0x000000070b000000|  0%| F|  |TAMS 0x000000070ae00000, 0x000000070ae00000| Untracked 
|  82|0x000000070b000000, 0x000000070b000000, 0x000000070b200000|  0%| F|  |TAMS 0x000000070b000000, 0x000000070b000000| Untracked 
|  83|0x000000070b200000, 0x000000070b200000, 0x000000070b400000|  0%| F|  |TAMS 0x000000070b200000, 0x000000070b200000| Untracked 
|  84|0x000000070b400000, 0x000000070b400000, 0x000000070b600000|  0%| F|  |TAMS 0x000000070b400000, 0x000000070b400000| Untracked 
|  85|0x000000070b600000, 0x000000070b600000, 0x000000070b800000|  0%| F|  |TAMS 0x000000070b600000, 0x000000070b600000| Untracked 
|  86|0x000000070b800000, 0x000000070b800000, 0x000000070ba00000|  0%| F|  |TAMS 0x000000070b800000, 0x000000070b800000| Untracked 
|  87|0x000000070ba00000, 0x000000070ba00000, 0x000000070bc00000|  0%| F|  |TAMS 0x000000070ba00000, 0x000000070ba00000| Untracked 
|  88|0x000000070bc00000, 0x000000070bc00000, 0x000000070be00000|  0%| F|  |TAMS 0x000000070bc00000, 0x000000070bc00000| Untracked 
|  89|0x000000070be00000, 0x000000070be00000, 0x000000070c000000|  0%| F|  |TAMS 0x000000070be00000, 0x000000070be00000| Untracked 
|  90|0x000000070c000000, 0x000000070c000000, 0x000000070c200000|  0%| F|  |TAMS 0x000000070c000000, 0x000000070c000000| Untracked 
|  91|0x000000070c200000, 0x000000070c200000, 0x000000070c400000|  0%| F|  |TAMS 0x000000070c200000, 0x000000070c200000| Untracked 
|  92|0x000000070c400000, 0x000000070c400000, 0x000000070c600000|  0%| F|  |TAMS 0x000000070c400000, 0x000000070c400000| Untracked 
|  93|0x000000070c600000, 0x000000070c600000, 0x000000070c800000|  0%| F|  |TAMS 0x000000070c600000, 0x000000070c600000| Untracked 
|  94|0x000000070c800000, 0x000000070c800000, 0x000000070ca00000|  0%| F|  |TAMS 0x000000070c800000, 0x000000070c800000| Untracked 
|  95|0x000000070ca00000, 0x000000070ca00000, 0x000000070cc00000|  0%| F|  |TAMS 0x000000070ca00000, 0x000000070ca00000| Untracked 
|  96|0x000000070cc00000, 0x000000070cc00000, 0x000000070ce00000|  0%| F|  |TAMS 0x000000070cc00000, 0x000000070cc00000| Untracked 
|  97|0x000000070ce00000, 0x000000070ce00000, 0x000000070d000000|  0%| F|  |TAMS 0x000000070ce00000, 0x000000070ce00000| Untracked 
|  98|0x000000070d000000, 0x000000070d000000, 0x000000070d200000|  0%| F|  |TAMS 0x000000070d000000, 0x000000070d000000| Untracked 
|  99|0x000000070d200000, 0x000000070d200000, 0x000000070d400000|  0%| F|  |TAMS 0x000000070d200000, 0x000000070d200000| Untracked 
| 100|0x000000070d400000, 0x000000070d400000, 0x000000070d600000|  0%| F|  |TAMS 0x000000070d400000, 0x000000070d400000| Untracked 
| 101|0x000000070d600000, 0x000000070d600000, 0x000000070d800000|  0%| F|  |TAMS 0x000000070d600000, 0x000000070d600000| Untracked 
| 102|0x000000070d800000, 0x000000070d800000, 0x000000070da00000|  0%| F|  |TAMS 0x000000070d800000, 0x000000070d800000| Untracked 
| 103|0x000000070da00000, 0x000000070da00000, 0x000000070dc00000|  0%| F|  |TAMS 0x000000070da00000, 0x000000070da00000| Untracked 
| 104|0x000000070dc00000, 0x000000070dc00000, 0x000000070de00000|  0%| F|  |TAMS 0x000000070dc00000, 0x000000070dc00000| Untracked 
| 105|0x000000070de00000, 0x000000070de00000, 0x000000070e000000|  0%| F|  |TAMS 0x000000070de00000, 0x000000070de00000| Untracked 
| 106|0x000000070e000000, 0x000000070e000000, 0x000000070e200000|  0%| F|  |TAMS 0x000000070e000000, 0x000000070e000000| Untracked 
| 107|0x000000070e200000, 0x000000070e200000, 0x000000070e400000|  0%| F|  |TAMS 0x000000070e200000, 0x000000070e200000| Untracked 
| 108|0x000000070e400000, 0x000000070e400000, 0x000000070e600000|  0%| F|  |TAMS 0x000000070e400000, 0x000000070e400000| Untracked 
| 109|0x000000070e600000, 0x000000070e600000, 0x000000070e800000|  0%| F|  |TAMS 0x000000070e600000, 0x000000070e600000| Untracked 
| 110|0x000000070e800000, 0x000000070e800000, 0x000000070ea00000|  0%| F|  |TAMS 0x000000070e800000, 0x000000070e800000| Untracked 
| 111|0x000000070ea00000, 0x000000070ea00000, 0x000000070ec00000|  0%| F|  |TAMS 0x000000070ea00000, 0x000000070ea00000| Untracked 
| 112|0x000000070ec00000, 0x000000070ec00000, 0x000000070ee00000|  0%| F|  |TAMS 0x000000070ec00000, 0x000000070ec00000| Untracked 
| 113|0x000000070ee00000, 0x000000070ee00000, 0x000000070f000000|  0%| F|  |TAMS 0x000000070ee00000, 0x000000070ee00000| Untracked 
| 114|0x000000070f000000, 0x000000070f000000, 0x000000070f200000|  0%| F|  |TAMS 0x000000070f000000, 0x000000070f000000| Untracked 
| 115|0x000000070f200000, 0x000000070f200000, 0x000000070f400000|  0%| F|  |TAMS 0x000000070f200000, 0x000000070f200000| Untracked 
| 116|0x000000070f400000, 0x000000070f400000, 0x000000070f600000|  0%| F|  |TAMS 0x000000070f400000, 0x000000070f400000| Untracked 
| 117|0x000000070f600000, 0x000000070f600000, 0x000000070f800000|  0%| F|  |TAMS 0x000000070f600000, 0x000000070f600000| Untracked 
| 118|0x000000070f800000, 0x000000070f800000, 0x000000070fa00000|  0%| F|  |TAMS 0x000000070f800000, 0x000000070f800000| Untracked 
| 119|0x000000070fa00000, 0x000000070fa00000, 0x000000070fc00000|  0%| F|  |TAMS 0x000000070fa00000, 0x000000070fa00000| Untracked 
| 120|0x000000070fc00000, 0x000000070fc00000, 0x000000070fe00000|  0%| F|  |TAMS 0x000000070fc00000, 0x000000070fc00000| Untracked 
| 121|0x000000070fe00000, 0x000000070fe00000, 0x0000000710000000|  0%| F|  |TAMS 0x000000070fe00000, 0x000000070fe00000| Untracked 
| 122|0x0000000710000000, 0x0000000710000000, 0x0000000710200000|  0%| F|  |TAMS 0x0000000710000000, 0x0000000710000000| Untracked 
| 123|0x0000000710200000, 0x0000000710200000, 0x0000000710400000|  0%| F|  |TAMS 0x0000000710200000, 0x0000000710200000| Untracked 
| 124|0x0000000710400000, 0x0000000710400000, 0x0000000710600000|  0%| F|  |TAMS 0x0000000710400000, 0x0000000710400000| Untracked 
| 125|0x0000000710600000, 0x0000000710600000, 0x0000000710800000|  0%| F|  |TAMS 0x0000000710600000, 0x0000000710600000| Untracked 
| 126|0x0000000710800000, 0x00000007108e1cf0, 0x0000000710a00000| 44%| E|  |TAMS 0x0000000710800000, 0x0000000710800000| Complete 
| 127|0x0000000710a00000, 0x0000000710c00000, 0x0000000710c00000|100%| E|CS|TAMS 0x0000000710a00000, 0x0000000710a00000| Complete 

Card table byte_map: [0x0000022eb9a20000,0x0000022eba220000] _byte_map_base: 0x0000022eb621a000

Marking Bits (Prev, Next): (CMBitMap*) 0x0000022ea65287e0, (CMBitMap*) 0x0000022ea6528820
 Prev Bits: [0x0000022ebaa20000, 0x0000022ebe9f0000)
 Next Bits: [0x0000022ebe9f0000, 0x0000022ec29c0000)

Polling page: 0x0000022ea4420000

Metaspace:

Usage:
  Non-class:      6.81 MB used.
      Class:    662.20 KB used.
       Both:      7.45 MB used.

Virtual space:
  Non-class space:        8.00 MB reserved,       6.81 MB ( 85%) committed,  1 nodes.
      Class space:        1.00 GB reserved,     768.00 KB ( <1%) committed,  1 nodes.
             Both:        1.01 GB reserved,       7.56 MB ( <1%) committed. 

Chunk freelists:
   Non-Class:  1.00 MB
       Class:  3.23 MB
        Both:  4.23 MB

MaxMetaspaceSize: unlimited
CompressedClassSpaceSize: 1.00 GB
Initial GC threshold: 21.00 MB
Current GC threshold: 21.00 MB
CDS: off
MetaspaceReclaimPolicy: balanced
 - commit_granule_bytes: 65536.
 - commit_granule_words: 8192.
 - virtual_space_node_default_size: 1048576.
 - enlarge_chunks_in_place: 1.
 - new_chunks_are_fully_committed: 0.
 - uncommit_free_chunks: 1.
 - use_allocation_guard: 0.
 - handle_deallocations: 1.


Internal statistics:

num_allocs_failed_limit: 0.
num_arena_births: 6.
num_arena_deaths: 0.
num_vsnodes_births: 2.
num_vsnodes_deaths: 0.
num_space_committed: 121.
num_space_uncommitted: 0.
num_chunks_returned_to_freelist: 0.
num_chunks_taken_from_freelist: 29.
num_chunk_merges: 0.
num_chunk_splits: 11.
num_chunks_enlarged: 8.
num_purges: 0.
num_inconsistent_stats: 0.

CodeHeap 'non-profiled nmethods': size=119168Kb used=59Kb max_used=59Kb free=119108Kb
 bounds [0x0000022eb1520000, 0x0000022eb1790000, 0x0000022eb8980000]
CodeHeap 'profiled nmethods': size=119104Kb used=324Kb max_used=324Kb free=118779Kb
 bounds [0x0000022ea9980000, 0x0000022ea9bf0000, 0x0000022eb0dd0000]
CodeHeap 'non-nmethods': size=7488Kb used=1686Kb max_used=1691Kb free=5801Kb
 bounds [0x0000022eb0dd0000, 0x0000022eb1040000, 0x0000022eb1520000]
 total_blobs=650 nmethods=244 adapters=318
 compilation: enabled
              stopped_count=0, restarted_count=0
 full_count=0

Compilation events (20 events):
Event: 0.154 Thread 0x0000022ec6624f60 nmethod 229 0x0000022ea99ccb90 code [0x0000022ea99ccd20, 0x0000022ea99cce78]
Event: 0.154 Thread 0x0000022ec6624f60  232       3       jdk.internal.org.objectweb.asm.Symbol::<init> (38 bytes)
Event: 0.154 Thread 0x0000022ec6624f60 nmethod 232 0x0000022ea99ccf10 code [0x0000022ea99cd0c0, 0x0000022ea99cd378]
Event: 0.154 Thread 0x0000022ec6624f60  233       3       jdk.internal.org.objectweb.asm.SymbolTable::put (150 bytes)
Event: 0.154 Thread 0x0000022ec64e0c80 nmethod 230 0x0000022ea99cd490 code [0x0000022ea99cd6c0, 0x0000022ea99ce078]
Event: 0.154 Thread 0x0000022ec64e0c80  235       3       java.lang.invoke.MethodType::parameterCount (6 bytes)
Event: 0.154 Thread 0x0000022ec64e0c80 nmethod 235 0x0000022ea99ce390 code [0x0000022ea99ce520, 0x0000022ea99ce638]
Event: 0.154 Thread 0x0000022ec6624f60 nmethod 233 0x0000022ea99ce710 code [0x0000022ea99ce900, 0x0000022ea99cf1d8]
Event: 0.155 Thread 0x0000022ec6624f60  239       1       java.util.zip.ZipCoder$UTF8ZipCoder::isUTF8 (2 bytes)
Event: 0.156 Thread 0x0000022ec6624f60 nmethod 239 0x0000022eb152ea10 code [0x0000022eb152eba0, 0x0000022eb152ec78]
Event: 0.156 Thread 0x0000022ec6624f60  240       3       java.lang.StringConcatHelper::stringOf (20 bytes)
Event: 0.156 Thread 0x0000022ec64e0c80  241       3       java.lang.StringConcatHelper::mix (27 bytes)
Event: 0.156 Thread 0x0000022ec6624f60 nmethod 240 0x0000022ea99cf490 code [0x0000022ea99cf640, 0x0000022ea99cf888]
Event: 0.156 Thread 0x0000022ec6624f60  242       3       java.lang.StringConcatHelper::checkOverflow (17 bytes)
Event: 0.156 Thread 0x0000022ec64e0c80 nmethod 241 0x0000022ea99cf990 code [0x0000022ea99cfb60, 0x0000022ea99cff88]
Event: 0.156 Thread 0x0000022ec6624f60 nmethod 242 0x0000022ea99d0190 code [0x0000022ea99d0340, 0x0000022ea99d0528]
Event: 0.156 Thread 0x0000022ec64e0c80  243       3       java.lang.StringConcatHelper::prepend (37 bytes)
Event: 0.156 Thread 0x0000022ec6624f60  244       3       java.lang.String::getBytes (44 bytes)
Event: 0.156 Thread 0x0000022ec6624f60 nmethod 244 0x0000022ea99d0610 code [0x0000022ea99d07e0, 0x0000022ea99d0af8]
Event: 0.156 Thread 0x0000022ec64e0c80 nmethod 243 0x0000022ea99d0c10 code [0x0000022ea99d0de0, 0x0000022ea99d10b8]

GC Heap History (0 events):
No events

Dll operation events (2 events):
Event: 0.006 Loaded shared library D:\work\AS_env\jbr\bin\java.dll
Event: 0.090 Loaded shared library D:\work\AS_env\jbr\bin\verify.dll

Deoptimization events (0 events):
No events

Classes unloaded (0 events):
No events

Classes redefined (0 events):
No events

Internal exceptions (0 events):
No events

VM Operations (2 events):
Event: 0.086 Executing VM operation: HandshakeAllThreads
Event: 0.086 Executing VM operation: HandshakeAllThreads done

Events (20 events):
Event: 0.157 loading class sun/nio/ch/FileChannelImpl done
Event: 0.157 loading class java/nio/file/attribute/FileAttribute
Event: 0.157 loading class java/nio/file/attribute/FileAttribute done
Event: 0.157 loading class sun/nio/ch/IOUtil
Event: 0.157 loading class sun/nio/ch/IOUtil done
Event: 0.158 loading class sun/nio/ch/NativeThreadSet
Event: 0.158 loading class sun/nio/ch/NativeThreadSet done
Event: 0.158 loading class sun/nio/ch/FileDispatcherImpl
Event: 0.158 loading class sun/nio/ch/FileDispatcher
Event: 0.158 loading class sun/nio/ch/NativeDispatcher
Event: 0.158 loading class sun/nio/ch/NativeDispatcher done
Event: 0.158 loading class sun/nio/ch/FileDispatcher done
Event: 0.158 loading class sun/nio/ch/FileDispatcherImpl done
Event: 0.158 loading class sun/nio/ch/FileLockImpl
Event: 0.158 loading class java/nio/channels/FileLock
Event: 0.158 loading class java/nio/channels/FileLock done
Event: 0.158 loading class sun/nio/ch/FileLockImpl done
Event: 0.158 loading class sun/nio/ch/NativeThread
Event: 0.158 loading class sun/nio/ch/NativeThread done
Event: 0.158 loading class sun/nio/ch/FileLockTable


Dynamic libraries:
0x00007ff65c910000 - 0x00007ff65c91a000 	D:\work\AS_env\jbr\bin\java.exe
0x00007ff987650000 - 0x00007ff987848000 	C:\WINDOWS\SYSTEM32\ntdll.dll
0x00007ff95a0c0000 - 0x00007ff95a0d9000 	C:\Program Files\Avast Software\Avast\aswhook.dll
0x00007ff986250000 - 0x00007ff98630d000 	C:\WINDOWS\System32\KERNEL32.DLL
0x00007ff985050000 - 0x00007ff985346000 	C:\WINDOWS\System32\KERNELBASE.dll
0x00007ff985350000 - 0x00007ff985450000 	C:\WINDOWS\System32\ucrtbase.dll
0x00007ff93e450000 - 0x00007ff93e467000 	D:\work\AS_env\jbr\bin\jli.dll
0x00007ff97fac0000 - 0x00007ff97fadb000 	D:\work\AS_env\jbr\bin\VCRUNTIME140.dll
0x00007ff986a60000 - 0x00007ff986bfe000 	C:\WINDOWS\System32\USER32.dll
0x00007ff985450000 - 0x00007ff985472000 	C:\WINDOWS\System32\win32u.dll
0x00007ff973a60000 - 0x00007ff973cfa000 	C:\WINDOWS\WinSxS\amd64_microsoft.windows.common-controls_6595b64144ccf1df_6.0.19041.3636_none_60b6a03d71f818d5\COMCTL32.dll
0x00007ff985a70000 - 0x00007ff985a9c000 	C:\WINDOWS\System32\GDI32.dll
0x00007ff985c80000 - 0x00007ff985d1e000 	C:\WINDOWS\System32\msvcrt.dll
0x00007ff984f00000 - 0x00007ff98501a000 	C:\WINDOWS\System32\gdi32full.dll
0x00007ff984dd0000 - 0x00007ff984e6d000 	C:\WINDOWS\System32\msvcp_win.dll
0x00007ff986ef0000 - 0x00007ff986f20000 	C:\WINDOWS\System32\IMM32.DLL
0x00007ff97f420000 - 0x00007ff97f42c000 	D:\work\AS_env\jbr\bin\vcruntime140_1.dll
0x00007ff95a630000 - 0x00007ff95a6bd000 	D:\work\AS_env\jbr\bin\msvcp140.dll
0x00007ff917ec0000 - 0x00007ff918b2e000 	D:\work\AS_env\jbr\bin\server\jvm.dll
0x00007ff985ed0000 - 0x00007ff985f83000 	C:\WINDOWS\System32\ADVAPI32.dll
0x00007ff985aa0000 - 0x00007ff985b3f000 	C:\WINDOWS\System32\sechost.dll
0x00007ff986120000 - 0x00007ff986246000 	C:\WINDOWS\System32\RPCRT4.dll
0x00007ff985020000 - 0x00007ff985047000 	C:\WINDOWS\System32\bcrypt.dll
0x00007ff964090000 - 0x00007ff964099000 	C:\WINDOWS\SYSTEM32\WSOCK32.dll
0x00007ff97b370000 - 0x00007ff97b397000 	C:\WINDOWS\SYSTEM32\WINMM.dll
0x00007ff986000000 - 0x00007ff98606b000 	C:\WINDOWS\System32\WS2_32.dll
0x00007ff97daa0000 - 0x00007ff97daaa000 	C:\WINDOWS\SYSTEM32\VERSION.dll
0x00007ff982bf0000 - 0x00007ff982c02000 	C:\WINDOWS\SYSTEM32\kernel.appcore.dll
0x00007ff96ab80000 - 0x00007ff96ab8a000 	D:\work\AS_env\jbr\bin\jimage.dll
0x00007ff97cba0000 - 0x00007ff97cd84000 	C:\WINDOWS\SYSTEM32\DBGHELP.DLL
0x00007ff96e6d0000 - 0x00007ff96e704000 	C:\WINDOWS\SYSTEM32\dbgcore.DLL
0x00007ff984e70000 - 0x00007ff984ef2000 	C:\WINDOWS\System32\bcryptPrimitives.dll
0x00007ff960c90000 - 0x00007ff960cb5000 	D:\work\AS_env\jbr\bin\java.dll
0x00007ff96a4a0000 - 0x00007ff96a4b8000 	D:\work\AS_env\jbr\bin\zip.dll
0x00007ff986310000 - 0x00007ff986a55000 	C:\WINDOWS\System32\SHELL32.dll
0x00007ff982df0000 - 0x00007ff98358b000 	C:\WINDOWS\SYSTEM32\windows.storage.dll
0x00007ff985700000 - 0x00007ff985a54000 	C:\WINDOWS\System32\combase.dll
0x00007ff9846e0000 - 0x00007ff98470d000 	C:\WINDOWS\SYSTEM32\Wldp.dll
0x00007ff986070000 - 0x00007ff98611d000 	C:\WINDOWS\System32\SHCORE.dll
0x00007ff9856a0000 - 0x00007ff9856f5000 	C:\WINDOWS\System32\shlwapi.dll
0x00007ff984c50000 - 0x00007ff984c75000 	C:\WINDOWS\SYSTEM32\profapi.dll
0x00007ff93e490000 - 0x00007ff93e4a9000 	D:\work\AS_env\jbr\bin\net.dll
0x00007ff97e4c0000 - 0x00007ff97e5ca000 	C:\WINDOWS\SYSTEM32\WINHTTP.dll
0x00007ff9843e0000 - 0x00007ff98444a000 	C:\WINDOWS\system32\mswsock.dll
0x00007ff93e470000 - 0x00007ff93e486000 	D:\work\AS_env\jbr\bin\nio.dll
0x00007ff96a860000 - 0x00007ff96a870000 	D:\work\AS_env\jbr\bin\verify.dll

dbghelp: loaded successfully - version: 4.0.5 - missing functions: none
symbol engine: initialized successfully - sym options: 0x614 - pdb path: .;D:\work\AS_env\jbr\bin;C:\WINDOWS\SYSTEM32;C:\Program Files\Avast Software\Avast;C:\WINDOWS\WinSxS\amd64_microsoft.windows.common-controls_6595b64144ccf1df_6.0.19041.3636_none_60b6a03d71f818d5;D:\work\AS_env\jbr\bin\server

VM Arguments:
jvm_args: -Dorg.gradle.appname=gradlew 
java_command: org.gradle.wrapper.GradleWrapperMain -q -Ptarget-platform=android-arm64 -Ptarget=D:\work\Flutter_to_do\repo_6\lib\main.dart -Pbase-application-name=android.app.Application -Pdart-defines=Zmx1dHRlci5pbnNwZWN0b3Iuc3RydWN0dXJlZEVycm9ycz10cnVl,RkxVVFRFUl9XRUJfQVVUT19ERVRFQ1Q9dHJ1ZQ==,RkxVVFRFUl9XRUJfQ0FOVkFTS0lUX1VSTD1odHRwczovL3d3dy5nc3RhdGljLmNvbS9mbHV0dGVyLWNhbnZhc2tpdC9hNzk0Y2YyNjgxYzZjOWZlN2IyNjBlMGU4NGRlOTYyOThkYzljMThiLw== -Pdart-obfuscation=false -Ptrack-widget-creation=true -Ptree-shake-icons=false -Pfilesystem-scheme=org-dartlang-root assembleDebug
java_class_path (initial): D:\work\Flutter_to_do\repo_6\android\\gradle\wrapper\gradle-wrapper.jar
Launcher Type: SUN_STANDARD

[Global flags]
     intx CICompilerCount                          = 12                                        {product} {ergonomic}
     uint ConcGCThreads                            = 3                                         {product} {ergonomic}
     uint G1ConcRefinementThreads                  = 13                                        {product} {ergonomic}
   size_t G1HeapRegionSize                         = 2097152                                   {product} {ergonomic}
    uintx GCDrainStackTargetSize                   = 64                                        {product} {ergonomic}
   size_t InitialHeapSize                          = 268435456                                 {product} {ergonomic}
   size_t MarkStackSize                            = 4194304                                   {product} {ergonomic}
   size_t MaxHeapSize                              = 4282384384                                {product} {ergonomic}
   size_t MaxNewSize                               = 2569011200                                {product} {ergonomic}
   size_t MinHeapDeltaBytes                        = 2097152                                   {product} {ergonomic}
   size_t MinHeapSize                              = 8388608                                   {product} {ergonomic}
    uintx NonNMethodCodeHeapSize                   = 7602480                                {pd product} {ergonomic}
    uintx NonProfiledCodeHeapSize                  = 122027880                              {pd product} {ergonomic}
    uintx ProfiledCodeHeapSize                     = 122027880                              {pd product} {ergonomic}
    uintx ReservedCodeCacheSize                    = 251658240                              {pd product} {ergonomic}
     bool SegmentedCodeCache                       = true                                      {product} {ergonomic}
   size_t SoftMaxHeapSize                          = 4282384384                             {manageable} {ergonomic}
     bool UseCompressedClassPointers               = true                           {product lp64_product} {ergonomic}
     bool UseCompressedOops                        = true                           {product lp64_product} {ergonomic}
     bool UseG1GC                                  = true                                      {product} {ergonomic}
     bool UseLargePagesIndividualAllocation        = false                                  {pd product} {ergonomic}

Logging:
Log output configuration:
 #0: stdout all=warning uptime,level,tags
 #1: stderr all=off uptime,level,tags

Environment Variables:
JAVA_HOME=D:\work\AS_env\jbr
CLASSPATH=D:\work\Flutter_to_do\repo_6\android\\gradle\wrapper\gradle-wrapper.jar
PATH=D:\work\AS_env\jbr\bin;C:\Program Files\Common Files\Oracle\Java\javapath;C:\Program Files (x86)\Common Files\Oracle\Java\javapath;C:\Windows\system32;C:\Windows;C:\Windows\System32\Wbem;C:\Windows\System32\WindowsPowerShell\v1.0\;C:\WINDOWS\system32;C:\WINDOWS;C:\WINDOWS\System32\Wbem;C:\WINDOWS\System32\WindowsPowerShell\v1.0\;C:\WINDOWS\System32\OpenSSH\;C:\RVI\Filters;C:\Program Files (x86)\IBM\Client Access\Emulator;C:\Program Files (x86)\IBM\Client Access\Shared;C:\Program Files (x86)\IBM\Client Access\;C:\WINDOWS\system32;C:\WINDOWS;C:\WINDOWS\System32\Wbem;C:\WINDOWS\System32\WindowsPowerShell\v1.0\;C:\WINDOWS\System32\OpenSSH\;C:\Users\admin\AppData\Local\Microsoft\WindowsApps;C:\adb;C:\Program Files\Git\cmd;C:\Program Files (x86)\Windows Kits\10\Windows Performance Toolkit\;D:\work\sqlLite;D:\work\Repo_1\Main_repo\tesseract-ocr-tesseract-bc059ec;C:\Users\admin\AppData\Local\Programs\Python\Python311\Scripts\;C:\Users\admin\AppData\Local\Programs\Python\Python311\;C:\Users\admin\AppData\Local\Microsoft\WindowsApps;C:\Users\admin\AppData\Local\Programs\Microsoft VS Code\bin;D:\work\flutter\bin;C:\Users\admin\AppData\Local\GitHubDesktop\bin;D:\work\Tesseract-OCR;D:\work\dart-sdk\bin;C:\Program Files\Java\jdk-17\bin;;D:\work\flutter\bin\mingit\cmd
USERNAME=admin
OS=Windows_NT
PROCESSOR_IDENTIFIER=AMD64 Family 23 Model 8 Stepping 2, AuthenticAMD
TMP=C:\Users\admin\AppData\Local\Temp
TEMP=C:\Users\admin\AppData\Local\Temp


JNI global refs:
JNI global refs: 16, weak refs: 0

JNI global refs memory usage: 843, weak refs: 209


---------------  S Y S T E M  ---------------

OS:
 Windows 10 , 64 bit Build 19041 (10.0.19041.3636)
OS uptime: 5 days 21:58 hours

CPU: total 16 (initial active 16) (16 cores per cpu, 2 threads per core) family 23 model 8 stepping 2 microcode 0x0, cx8, cmov, fxsr, ht, mmx, 3dnowpref, sse, sse2, sse3, ssse3, sse4a, sse4.1, sse4.2, popcnt, lzcnt, tsc, tscinvbit, avx, avx2, aes, clmul, bmi1, bmi2, adx, sha, fma, vzeroupper, clflush, clflushopt

Memory: 4k page, system-wide physical 16334M (6367M free)
TotalPageFile size 35079M (AvailPageFile size 140M)
current process WorkingSet (physical memory assigned to process): 38M, peak: 38M
current process commit charge ("private bytes"): 352M, peak: 352M

vm_info: OpenJDK 64-Bit Server VM (17.0.6+0-b2043.56-10027231) for windows-amd64 JRE (17.0.6+0-b2043.56-10027231), built on Apr 28 2023 00:43:19 by "androidbuild" with MS VC++ 16.10 / 16.11 (VS2019)

END.
