#
# There is insufficient memory for the Java Runtime Environment to continue.
# Native memory allocation (mmap) failed to map 65536 bytes for Failed to commit metaspace.
# Possible reasons:
#   The system is out of physical RAM or swap space
#   The process is running with CompressedOops enabled, and the Java Heap may be blocking the growth of the native heap
# Possible solutions:
#   Reduce memory load on the system
#   Increase physical memory or swap space
#   Check if swap backing store is full
#   Decrease Java heap size (-Xmx/-Xms)
#   Decrease number of Java threads
#   Decrease Java thread stack sizes (-Xss)
#   Set larger code cache with -XX:ReservedCodeCacheSize=
#   JVM is running with Zero Based Compressed Oops mode in which the Java heap is
#     placed in the first 32GB address space. The Java Heap base address is the
#     maximum limit for the native heap growth. Please use -XX:HeapBaseMinAddress
#     to set the Java Heap base and to place the Java Heap above 32GB virtual address.
# This output file may be truncated or incomplete.
#
#  Out of Memory Error (virtualSpaceNode.cpp:110), pid=13016, tid=456
#
# JRE version: OpenJDK Runtime Environment (17.0.6) (build 17.0.6+0-b2043.56-10027231)
# Java VM: OpenJDK 64-Bit Server VM (17.0.6+0-b2043.56-10027231, mixed mode, tiered, compressed oops, compressed class ptrs, g1 gc, windows-amd64)
# No core dump will be written. Minidumps are not enabled by default on client versions of Windows
#

---------------  S U M M A R Y ------------

Command Line: -Dorg.gradle.appname=gradlew org.gradle.wrapper.GradleWrapperMain -q -Ptarget-platform=android-arm64 -Ptarget=D:\work\Flutter_to_do\repo_6\lib\main.dart -Pbase-application-name=android.app.Application -Pdart-defines=Zmx1dHRlci5pbnNwZWN0b3Iuc3RydWN0dXJlZEVycm9ycz10cnVl,RkxVVFRFUl9XRUJfQVVUT19ERVRFQ1Q9dHJ1ZQ==,RkxVVFRFUl9XRUJfQ0FOVkFTS0lUX1VSTD1odHRwczovL3d3dy5nc3RhdGljLmNvbS9mbHV0dGVyLWNhbnZhc2tpdC9hNzk0Y2YyNjgxYzZjOWZlN2IyNjBlMGU4NGRlOTYyOThkYzljMThiLw== -Pdart-obfuscation=false -Ptrack-widget-creation=true -Ptree-shake-icons=false -Pfilesystem-scheme=org-dartlang-root assembleDebug

Host: AMD Ryzen 7 2700X Eight-Core Processor         , 16 cores, 15G,  Windows 10 , 64 bit Build 19041 (10.0.19041.3636)
Time: Fri Feb  9 14:50:47 2024 India Standard Time elapsed time: 0.712740 seconds (0d 0h 0m 0s)

---------------  T H R E A D  ---------------

Current thread (0x000001a75005e000):  JavaThread "main" [_thread_in_vm, id=456, stack(0x0000008b8e900000,0x0000008b8ea00000)]

Stack: [0x0000008b8e900000,0x0000008b8ea00000]
Native frames: (J=compiled Java code, j=interpreted, Vv=VM code, C=native code)
V  [jvm.dll+0x683c9a]
V  [jvm.dll+0x8427a4]
V  [jvm.dll+0x843f9e]
V  [jvm.dll+0x844603]
V  [jvm.dll+0x249b75]
V  [jvm.dll+0x83e7fb]
V  [jvm.dll+0x628006]
V  [jvm.dll+0x1c194e]
V  [jvm.dll+0x62a941]
V  [jvm.dll+0x6289a6]
V  [jvm.dll+0x23ef80]
V  [jvm.dll+0x1ee40d]
V  [jvm.dll+0x1e3dcc]
V  [jvm.dll+0x547fed]
V  [jvm.dll+0x7bd3d5]
V  [jvm.dll+0x7bd4ee]
V  [jvm.dll+0x41182a]
V  [jvm.dll+0x4179a9]
C  [java.dll+0x17ec]

Java frames: (J=compiled Java code, j=interpreted, Vv=VM code)
J 776  java.lang.ClassLoader.defineClass1(Ljava/lang/ClassLoader;Ljava/lang/String;[BIILjava/security/ProtectionDomain;Ljava/lang/String;)Ljava/lang/Class; java.base@17.0.6 (0 bytes) @ 0x000001a75d220de3 [0x000001a75d220d20+0x00000000000000c3]
J 819 c1 java.lang.ClassLoader.defineClass(Ljava/lang/String;[BIILjava/security/ProtectionDomain;)Ljava/lang/Class; java.base@17.0.6 (43 bytes) @ 0x000001a7557babdc [0x000001a7557ba880+0x000000000000035c]
J 838 c1 java.security.SecureClassLoader.defineClass(Ljava/lang/String;[BIILjava/security/CodeSource;)Ljava/lang/Class; java.base@17.0.6 (16 bytes) @ 0x000001a7557c338c [0x000001a7557c32c0+0x00000000000000cc]
J 791 c1 java.net.URLClassLoader.defineClass(Ljava/lang/String;Ljdk/internal/loader/Resource;)Ljava/lang/Class; java.base@17.0.6 (224 bytes) @ 0x000001a7557acd8c [0x000001a7557ab2c0+0x0000000000001acc]
J 727 c1 java.net.URLClassLoader$1.run()Ljava/lang/Class; java.base@17.0.6 (81 bytes) @ 0x000001a7557854ac [0x000001a755784820+0x0000000000000c8c]
J 726 c1 java.net.URLClassLoader$1.run()Ljava/lang/Object; java.base@17.0.6 (5 bytes) @ 0x000001a755783444 [0x000001a7557833c0+0x0000000000000084]
J 612 c1 java.security.AccessController.doPrivileged(Ljava/security/PrivilegedExceptionAction;Ljava/security/AccessControlContext;)Ljava/lang/Object; java.base@17.0.6 (26 bytes) @ 0x000001a75573f6fc [0x000001a75573f520+0x00000000000001dc]
J 724 c1 java.net.URLClassLoader.findClass(Ljava/lang/String;)Ljava/lang/Class; java.base@17.0.6 (47 bytes) @ 0x000001a755783da4 [0x000001a755783c00+0x00000000000001a4]
J 630 c1 java.lang.ClassLoader.loadClass(Ljava/lang/String;Z)Ljava/lang/Class; java.base@17.0.6 (121 bytes) @ 0x000001a75574aff4 [0x000001a75574aa40+0x00000000000005b4]
J 620 c1 java.lang.ClassLoader.loadClass(Ljava/lang/String;)Ljava/lang/Class; java.base@17.0.6 (7 bytes) @ 0x000001a755742fcc [0x000001a755742ec0+0x000000000000010c]
v  ~StubRoutines::call_stub
j  org.gradle.launcher.cli.BuildActionsFactory.runBuildAndCloseServices(Lorg/gradle/api/internal/StartParameterInternal;Lorg/gradle/launcher/daemon/configuration/DaemonParameters;Lorg/gradle/launcher/exec/BuildActionExecuter;Lorg/gradle/internal/service/ServiceRegistry;[Ljava/lang/Object;)Ljava/lang/Runnable;+27
j  org.gradle.launcher.cli.BuildActionsFactory.runBuildWithDaemon(Lorg/gradle/api/internal/StartParameterInternal;Lorg/gradle/launcher/daemon/configuration/DaemonParameters;)Ljava/lang/Runnable;+69
j  org.gradle.launcher.cli.BuildActionsFactory.createAction(Lorg/gradle/cli/CommandLineParser;Lorg/gradle/cli/ParsedCommandLine;)Lorg/gradle/api/Action;+163
j  org.gradle.launcher.cli.DefaultCommandLineActionFactory$ParseAndBuildAction.createAction(Lorg/gradle/cli/CommandLineParser;Lorg/gradle/cli/ParsedCommandLine;)Lorg/gradle/api/Action;+46
j  org.gradle.launcher.cli.DefaultCommandLineActionFactory$ParseAndBuildAction.execute(Lorg/gradle/launcher/bootstrap/ExecutionListener;)V+37
j  org.gradle.launcher.cli.DefaultCommandLineActionFactory$ParseAndBuildAction.execute(Ljava/lang/Object;)V+5
j  org.gradle.launcher.cli.DebugLoggerWarningAction.execute(Lorg/gradle/launcher/bootstrap/ExecutionListener;)V+9
j  org.gradle.launcher.cli.DebugLoggerWarningAction.execute(Ljava/lang/Object;)V+5
j  org.gradle.launcher.cli.WelcomeMessageAction.execute(Lorg/gradle/launcher/bootstrap/ExecutionListener;)V+218
j  org.gradle.launcher.cli.WelcomeMessageAction.execute(Ljava/lang/Object;)V+5
j  org.gradle.launcher.cli.NativeServicesInitializingAction.execute(Lorg/gradle/launcher/bootstrap/ExecutionListener;)V+35
j  org.gradle.launcher.cli.NativeServicesInitializingAction.execute(Ljava/lang/Object;)V+5
j  org.gradle.launcher.cli.ExceptionReportingAction.execute(Lorg/gradle/launcher/bootstrap/ExecutionListener;)V+5
j  org.gradle.launcher.cli.ExceptionReportingAction.execute(Ljava/lang/Object;)V+5
j  org.gradle.launcher.cli.DefaultCommandLineActionFactory$WithLogging.execute(Lorg/gradle/launcher/bootstrap/ExecutionListener;)V+299
j  org.gradle.launcher.Main.doAction([Ljava/lang/String;Lorg/gradle/launcher/bootstrap/ExecutionListener;)V+14
j  org.gradle.launcher.bootstrap.EntryPoint.run([Ljava/lang/String;)V+12
v  ~StubRoutines::call_stub
j  jdk.internal.reflect.NativeMethodAccessorImpl.invoke0(Ljava/lang/reflect/Method;Ljava/lang/Object;[Ljava/lang/Object;)Ljava/lang/Object;+0 java.base@17.0.6
j  jdk.internal.reflect.NativeMethodAccessorImpl.invoke(Ljava/lang/Object;[Ljava/lang/Object;)Ljava/lang/Object;+133 java.base@17.0.6
j  jdk.internal.reflect.DelegatingMethodAccessorImpl.invoke(Ljava/lang/Object;[Ljava/lang/Object;)Ljava/lang/Object;+6 java.base@17.0.6
j  java.lang.reflect.Method.invoke(Ljava/lang/Object;[Ljava/lang/Object;)Ljava/lang/Object;+59 java.base@17.0.6
j  org.gradle.launcher.bootstrap.ProcessBootstrap.runNoExit(Ljava/lang/String;[Ljava/lang/String;)V+159
j  org.gradle.launcher.bootstrap.ProcessBootstrap.run(Ljava/lang/String;[Ljava/lang/String;)V+2
v  ~StubRoutines::call_stub
j  jdk.internal.reflect.NativeMethodAccessorImpl.invoke0(Ljava/lang/reflect/Method;Ljava/lang/Object;[Ljava/lang/Object;)Ljava/lang/Object;+0 java.base@17.0.6
j  jdk.internal.reflect.NativeMethodAccessorImpl.invoke(Ljava/lang/Object;[Ljava/lang/Object;)Ljava/lang/Object;+133 java.base@17.0.6
j  jdk.internal.reflect.DelegatingMethodAccessorImpl.invoke(Ljava/lang/Object;[Ljava/lang/Object;)Ljava/lang/Object;+6 java.base@17.0.6
j  java.lang.reflect.Method.invoke(Ljava/lang/Object;[Ljava/lang/Object;)Ljava/lang/Object;+59 java.base@17.0.6
j  org.gradle.launcher.GradleMain.main([Ljava/lang/String;)V+100
v  ~StubRoutines::call_stub
j  jdk.internal.reflect.NativeMethodAccessorImpl.invoke0(Ljava/lang/reflect/Method;Ljava/lang/Object;[Ljava/lang/Object;)Ljava/lang/Object;+0 java.base@17.0.6
j  jdk.internal.reflect.NativeMethodAccessorImpl.invoke(Ljava/lang/Object;[Ljava/lang/Object;)Ljava/lang/Object;+133 java.base@17.0.6
j  jdk.internal.reflect.DelegatingMethodAccessorImpl.invoke(Ljava/lang/Object;[Ljava/lang/Object;)Ljava/lang/Object;+6 java.base@17.0.6
j  java.lang.reflect.Method.invoke(Ljava/lang/Object;[Ljava/lang/Object;)Ljava/lang/Object;+59 java.base@17.0.6
j  org.gradle.wrapper.BootstrapMainStarter.start([Ljava/lang/String;Ljava/io/File;)V+82
j  org.gradle.wrapper.WrapperExecutor.execute([Ljava/lang/String;Lorg/gradle/wrapper/Install;Lorg/gradle/wrapper/BootstrapMainStarter;)V+14
j  org.gradle.wrapper.GradleWrapperMain.main([Ljava/lang/String;)V+190
v  ~StubRoutines::call_stub

---------------  P R O C E S S  ---------------

Threads class SMR info:
_java_thread_list=0x000001a77331cbb0, length=17, elements={
0x000001a75005e000, 0x000001a77207c250, 0x000001a77207cfd0, 0x000001a7720a8ff0,
0x000001a7720ac9d0, 0x000001a7720ad290, 0x000001a7720adb50, 0x000001a7720c3d50,
0x000001a7720cc270, 0x000001a7720cf360, 0x000001a772228140, 0x000001a772228650,
0x000001a772232ba0, 0x000001a77223f250, 0x000001a7724de1b0, 0x000001a772c67430,
0x000001a772cc5b60
}

Java Threads: ( => current thread )
=>0x000001a75005e000 JavaThread "main" [_thread_in_vm, id=456, stack(0x0000008b8e900000,0x0000008b8ea00000)]
  0x000001a77207c250 JavaThread "Reference Handler" daemon [_thread_blocked, id=17336, stack(0x0000008b8f000000,0x0000008b8f100000)]
  0x000001a77207cfd0 JavaThread "Finalizer" daemon [_thread_blocked, id=17984, stack(0x0000008b8f100000,0x0000008b8f200000)]
  0x000001a7720a8ff0 JavaThread "Signal Dispatcher" daemon [_thread_blocked, id=20224, stack(0x0000008b8f200000,0x0000008b8f300000)]
  0x000001a7720ac9d0 JavaThread "Attach Listener" daemon [_thread_blocked, id=14500, stack(0x0000008b8f300000,0x0000008b8f400000)]
  0x000001a7720ad290 JavaThread "Service Thread" daemon [_thread_blocked, id=5456, stack(0x0000008b8f400000,0x0000008b8f500000)]
  0x000001a7720adb50 JavaThread "Monitor Deflation Thread" daemon [_thread_blocked, id=7124, stack(0x0000008b8f500000,0x0000008b8f600000)]
  0x000001a7720c3d50 JavaThread "C2 CompilerThread0" daemon [_thread_blocked, id=10916, stack(0x0000008b8f600000,0x0000008b8f700000)]
  0x000001a7720cc270 JavaThread "C1 CompilerThread0" daemon [_thread_blocked, id=19128, stack(0x0000008b8f700000,0x0000008b8f800000)]
  0x000001a7720cf360 JavaThread "Sweeper thread" daemon [_thread_blocked, id=13920, stack(0x0000008b8f800000,0x0000008b8f900000)]
  0x000001a772228140 JavaThread "C1 CompilerThread1" daemon [_thread_blocked, id=13564, stack(0x0000008b8f900000,0x0000008b8fa00000)]
  0x000001a772228650 JavaThread "C1 CompilerThread2" daemon [_thread_blocked, id=12600, stack(0x0000008b8fa00000,0x0000008b8fb00000)]
  0x000001a772232ba0 JavaThread "Notification Thread" daemon [_thread_blocked, id=14928, stack(0x0000008b8fb00000,0x0000008b8fc00000)]
  0x000001a77223f250 JavaThread "Common-Cleaner" daemon [_thread_blocked, id=20892, stack(0x0000008b8fd00000,0x0000008b8fe00000)]
  0x000001a7724de1b0 JavaThread "C2 CompilerThread1" daemon [_thread_blocked, id=22568, stack(0x0000008b8fe00000,0x0000008b8ff00000)]
  0x000001a772c67430 JavaThread "C1 CompilerThread3" daemon [_thread_blocked, id=17440, stack(0x0000008b8ff00000,0x0000008b90000000)]
  0x000001a772cc5b60 JavaThread "pool-1-thread-1" [_thread_blocked, id=10044, stack(0x0000008b90500000,0x0000008b90600000)]

Other Threads:
  0x000001a77205a020 VMThread "VM Thread" [stack: 0x0000008b8ef00000,0x0000008b8f000000] [id=18908]
  0x000001a75220b510 WatcherThread [stack: 0x0000008b8fc00000,0x0000008b8fd00000] [id=19208]
  0x000001a7521e7340 GCTaskThread "GC Thread#0" [stack: 0x0000008b8ea00000,0x0000008b8eb00000] [id=20768]
  0x000001a77277c8a0 GCTaskThread "GC Thread#1" [stack: 0x0000008b90000000,0x0000008b90100000] [id=23364]
  0x000001a772c66ef0 GCTaskThread "GC Thread#2" [stack: 0x0000008b90100000,0x0000008b90200000] [id=16360]
  0x000001a772c67940 GCTaskThread "GC Thread#3" [stack: 0x0000008b90200000,0x0000008b90300000] [id=15020]
  0x000001a772c67bf0 GCTaskThread "GC Thread#4" [stack: 0x0000008b90300000,0x0000008b90400000] [id=10136]
  0x000001a772c2c8c0 GCTaskThread "GC Thread#5" [stack: 0x0000008b90400000,0x0000008b90500000] [id=5596]
  0x000001a7521f8290 ConcurrentGCThread "G1 Main Marker" [stack: 0x0000008b8eb00000,0x0000008b8ec00000] [id=20348]
  0x000001a7521f9440 ConcurrentGCThread "G1 Conc#0" [stack: 0x0000008b8ec00000,0x0000008b8ed00000] [id=20032]
  0x000001a75223ec60 ConcurrentGCThread "G1 Refine#0" [stack: 0x0000008b8ed00000,0x0000008b8ee00000] [id=22016]
  0x000001a7714e9910 ConcurrentGCThread "G1 Service" [stack: 0x0000008b8ee00000,0x0000008b8ef00000] [id=20464]

Threads with active compile tasks:

VM state: not at safepoint (normal execution)

VM Mutex/Monitor currently owned by a thread:  ([mutex/lock_event])
[0x000001a752177f70] Metaspace_lock - owner thread: 0x000001a75005e000

Heap address: 0x0000000700c00000, size: 4084 MB, Compressed Oops mode: Zero based, Oop shift amount: 3

CDS archive(s) not mapped
Compressed class space mapped at: 0x0000000800000000-0x0000000840000000, reserved size: 1073741824
Narrow klass base: 0x0000000800000000, Narrow klass shift: 0, Narrow klass range: 0x40000000

GC Precious Log:
 CPUs: 16 total, 16 available
 Memory: 16334M
 Large Page Support: Disabled
 NUMA Support: Disabled
 Compressed Oops: Enabled (Zero based)
 Heap Region Size: 2M
 Heap Min Capacity: 8M
 Heap Initial Capacity: 256M
 Heap Max Capacity: 4084M
 Pre-touch: Disabled
 Parallel Workers: 13
 Concurrent Workers: 3
 Concurrent Refinement Workers: 13
 Periodic GC: Disabled

Heap:
 garbage-first heap   total 262144K, used 20389K [0x0000000700c00000, 0x0000000800000000)
  region size 2048K, 8 young (16384K), 2 survivors (4096K)
 Metaspace       used 14088K, committed 14272K, reserved 1064960K
  class space    used 1631K, committed 1728K, reserved 1048576K

Heap Regions: E=young(eden), S=young(survivor), O=old, HS=humongous(starts), HC=humongous(continues), CS=collection set, F=free, OA=open archive, CA=closed archive, TAMS=top-at-mark-start (previous, next)
|   0|0x0000000700c00000, 0x0000000700c00000, 0x0000000700e00000|  0%| F|  |TAMS 0x0000000700c00000, 0x0000000700c00000| Untracked 
|   1|0x0000000700e00000, 0x0000000700e00000, 0x0000000701000000|  0%| F|  |TAMS 0x0000000700e00000, 0x0000000700e00000| Untracked 
|   2|0x0000000701000000, 0x0000000701200000, 0x0000000701200000|100%|HS|  |TAMS 0x0000000701000000, 0x0000000701000000| Complete 
|   3|0x0000000701200000, 0x0000000701400000, 0x0000000701400000|100%|HC|  |TAMS 0x0000000701200000, 0x0000000701200000| Complete 
|   4|0x0000000701400000, 0x00000007015e9600, 0x0000000701600000| 95%| O|  |TAMS 0x0000000701400000, 0x0000000701400000| Untracked 
|   5|0x0000000701600000, 0x0000000701600000, 0x0000000701800000|  0%| F|  |TAMS 0x0000000701600000, 0x0000000701600000| Untracked 
|   6|0x0000000701800000, 0x0000000701800000, 0x0000000701a00000|  0%| F|  |TAMS 0x0000000701800000, 0x0000000701800000| Untracked 
|   7|0x0000000701a00000, 0x0000000701a00000, 0x0000000701c00000|  0%| F|  |TAMS 0x0000000701a00000, 0x0000000701a00000| Untracked 
|   8|0x0000000701c00000, 0x0000000701c00000, 0x0000000701e00000|  0%| F|  |TAMS 0x0000000701c00000, 0x0000000701c00000| Untracked 
|   9|0x0000000701e00000, 0x0000000701e00000, 0x0000000702000000|  0%| F|  |TAMS 0x0000000701e00000, 0x0000000701e00000| Untracked 
|  10|0x0000000702000000, 0x0000000702000000, 0x0000000702200000|  0%| F|  |TAMS 0x0000000702000000, 0x0000000702000000| Untracked 
|  11|0x0000000702200000, 0x0000000702200000, 0x0000000702400000|  0%| F|  |TAMS 0x0000000702200000, 0x0000000702200000| Untracked 
|  12|0x0000000702400000, 0x0000000702400000, 0x0000000702600000|  0%| F|  |TAMS 0x0000000702400000, 0x0000000702400000| Untracked 
|  13|0x0000000702600000, 0x0000000702600000, 0x0000000702800000|  0%| F|  |TAMS 0x0000000702600000, 0x0000000702600000| Untracked 
|  14|0x0000000702800000, 0x0000000702800000, 0x0000000702a00000|  0%| F|  |TAMS 0x0000000702800000, 0x0000000702800000| Untracked 
|  15|0x0000000702a00000, 0x0000000702a00000, 0x0000000702c00000|  0%| F|  |TAMS 0x0000000702a00000, 0x0000000702a00000| Untracked 
|  16|0x0000000702c00000, 0x0000000702c00000, 0x0000000702e00000|  0%| F|  |TAMS 0x0000000702c00000, 0x0000000702c00000| Untracked 
|  17|0x0000000702e00000, 0x0000000702e00000, 0x0000000703000000|  0%| F|  |TAMS 0x0000000702e00000, 0x0000000702e00000| Untracked 
|  18|0x0000000703000000, 0x0000000703000000, 0x0000000703200000|  0%| F|  |TAMS 0x0000000703000000, 0x0000000703000000| Untracked 
|  19|0x0000000703200000, 0x0000000703200000, 0x0000000703400000|  0%| F|  |TAMS 0x0000000703200000, 0x0000000703200000| Untracked 
|  20|0x0000000703400000, 0x0000000703400000, 0x0000000703600000|  0%| F|  |TAMS 0x0000000703400000, 0x0000000703400000| Untracked 
|  21|0x0000000703600000, 0x0000000703600000, 0x0000000703800000|  0%| F|  |TAMS 0x0000000703600000, 0x0000000703600000| Untracked 
|  22|0x0000000703800000, 0x0000000703800000, 0x0000000703a00000|  0%| F|  |TAMS 0x0000000703800000, 0x0000000703800000| Untracked 
|  23|0x0000000703a00000, 0x0000000703a00000, 0x0000000703c00000|  0%| F|  |TAMS 0x0000000703a00000, 0x0000000703a00000| Untracked 
|  24|0x0000000703c00000, 0x0000000703c00000, 0x0000000703e00000|  0%| F|  |TAMS 0x0000000703c00000, 0x0000000703c00000| Untracked 
|  25|0x0000000703e00000, 0x0000000703e00000, 0x0000000704000000|  0%| F|  |TAMS 0x0000000703e00000, 0x0000000703e00000| Untracked 
|  26|0x0000000704000000, 0x0000000704000000, 0x0000000704200000|  0%| F|  |TAMS 0x0000000704000000, 0x0000000704000000| Untracked 
|  27|0x0000000704200000, 0x0000000704200000, 0x0000000704400000|  0%| F|  |TAMS 0x0000000704200000, 0x0000000704200000| Untracked 
|  28|0x0000000704400000, 0x0000000704400000, 0x0000000704600000|  0%| F|  |TAMS 0x0000000704400000, 0x0000000704400000| Untracked 
|  29|0x0000000704600000, 0x0000000704600000, 0x0000000704800000|  0%| F|  |TAMS 0x0000000704600000, 0x0000000704600000| Untracked 
|  30|0x0000000704800000, 0x0000000704800000, 0x0000000704a00000|  0%| F|  |TAMS 0x0000000704800000, 0x0000000704800000| Untracked 
|  31|0x0000000704a00000, 0x0000000704a00000, 0x0000000704c00000|  0%| F|  |TAMS 0x0000000704a00000, 0x0000000704a00000| Untracked 
|  32|0x0000000704c00000, 0x0000000704c00000, 0x0000000704e00000|  0%| F|  |TAMS 0x0000000704c00000, 0x0000000704c00000| Untracked 
|  33|0x0000000704e00000, 0x0000000704e00000, 0x0000000705000000|  0%| F|  |TAMS 0x0000000704e00000, 0x0000000704e00000| Untracked 
|  34|0x0000000705000000, 0x0000000705000000, 0x0000000705200000|  0%| F|  |TAMS 0x0000000705000000, 0x0000000705000000| Untracked 
|  35|0x0000000705200000, 0x0000000705200000, 0x0000000705400000|  0%| F|  |TAMS 0x0000000705200000, 0x0000000705200000| Untracked 
|  36|0x0000000705400000, 0x0000000705400000, 0x0000000705600000|  0%| F|  |TAMS 0x0000000705400000, 0x0000000705400000| Untracked 
|  37|0x0000000705600000, 0x0000000705600000, 0x0000000705800000|  0%| F|  |TAMS 0x0000000705600000, 0x0000000705600000| Untracked 
|  38|0x0000000705800000, 0x0000000705800000, 0x0000000705a00000|  0%| F|  |TAMS 0x0000000705800000, 0x0000000705800000| Untracked 
|  39|0x0000000705a00000, 0x0000000705a00000, 0x0000000705c00000|  0%| F|  |TAMS 0x0000000705a00000, 0x0000000705a00000| Untracked 
|  40|0x0000000705c00000, 0x0000000705c00000, 0x0000000705e00000|  0%| F|  |TAMS 0x0000000705c00000, 0x0000000705c00000| Untracked 
|  41|0x0000000705e00000, 0x0000000705e00000, 0x0000000706000000|  0%| F|  |TAMS 0x0000000705e00000, 0x0000000705e00000| Untracked 
|  42|0x0000000706000000, 0x0000000706000000, 0x0000000706200000|  0%| F|  |TAMS 0x0000000706000000, 0x0000000706000000| Untracked 
|  43|0x0000000706200000, 0x0000000706200000, 0x0000000706400000|  0%| F|  |TAMS 0x0000000706200000, 0x0000000706200000| Untracked 
|  44|0x0000000706400000, 0x0000000706400000, 0x0000000706600000|  0%| F|  |TAMS 0x0000000706400000, 0x0000000706400000| Untracked 
|  45|0x0000000706600000, 0x0000000706600000, 0x0000000706800000|  0%| F|  |TAMS 0x0000000706600000, 0x0000000706600000| Untracked 
|  46|0x0000000706800000, 0x0000000706800000, 0x0000000706a00000|  0%| F|  |TAMS 0x0000000706800000, 0x0000000706800000| Untracked 
|  47|0x0000000706a00000, 0x0000000706a00000, 0x0000000706c00000|  0%| F|  |TAMS 0x0000000706a00000, 0x0000000706a00000| Untracked 
|  48|0x0000000706c00000, 0x0000000706c00000, 0x0000000706e00000|  0%| F|  |TAMS 0x0000000706c00000, 0x0000000706c00000| Untracked 
|  49|0x0000000706e00000, 0x0000000706e00000, 0x0000000707000000|  0%| F|  |TAMS 0x0000000706e00000, 0x0000000706e00000| Untracked 
|  50|0x0000000707000000, 0x0000000707000000, 0x0000000707200000|  0%| F|  |TAMS 0x0000000707000000, 0x0000000707000000| Untracked 
|  51|0x0000000707200000, 0x0000000707200000, 0x0000000707400000|  0%| F|  |TAMS 0x0000000707200000, 0x0000000707200000| Untracked 
|  52|0x0000000707400000, 0x0000000707400000, 0x0000000707600000|  0%| F|  |TAMS 0x0000000707400000, 0x0000000707400000| Untracked 
|  53|0x0000000707600000, 0x0000000707600000, 0x0000000707800000|  0%| F|  |TAMS 0x0000000707600000, 0x0000000707600000| Untracked 
|  54|0x0000000707800000, 0x0000000707800000, 0x0000000707a00000|  0%| F|  |TAMS 0x0000000707800000, 0x0000000707800000| Untracked 
|  55|0x0000000707a00000, 0x0000000707a00000, 0x0000000707c00000|  0%| F|  |TAMS 0x0000000707a00000, 0x0000000707a00000| Untracked 
|  56|0x0000000707c00000, 0x0000000707c00000, 0x0000000707e00000|  0%| F|  |TAMS 0x0000000707c00000, 0x0000000707c00000| Untracked 
|  57|0x0000000707e00000, 0x0000000707e00000, 0x0000000708000000|  0%| F|  |TAMS 0x0000000707e00000, 0x0000000707e00000| Untracked 
|  58|0x0000000708000000, 0x0000000708000000, 0x0000000708200000|  0%| F|  |TAMS 0x0000000708000000, 0x0000000708000000| Untracked 
|  59|0x0000000708200000, 0x0000000708200000, 0x0000000708400000|  0%| F|  |TAMS 0x0000000708200000, 0x0000000708200000| Untracked 
|  60|0x0000000708400000, 0x0000000708400000, 0x0000000708600000|  0%| F|  |TAMS 0x0000000708400000, 0x0000000708400000| Untracked 
|  61|0x0000000708600000, 0x0000000708600000, 0x0000000708800000|  0%| F|  |TAMS 0x0000000708600000, 0x0000000708600000| Untracked 
|  62|0x0000000708800000, 0x0000000708800000, 0x0000000708a00000|  0%| F|  |TAMS 0x0000000708800000, 0x0000000708800000| Untracked 
|  63|0x0000000708a00000, 0x0000000708a00000, 0x0000000708c00000|  0%| F|  |TAMS 0x0000000708a00000, 0x0000000708a00000| Untracked 
|  64|0x0000000708c00000, 0x0000000708c00000, 0x0000000708e00000|  0%| F|  |TAMS 0x0000000708c00000, 0x0000000708c00000| Untracked 
|  65|0x0000000708e00000, 0x0000000708e00000, 0x0000000709000000|  0%| F|  |TAMS 0x0000000708e00000, 0x0000000708e00000| Untracked 
|  66|0x0000000709000000, 0x0000000709000000, 0x0000000709200000|  0%| F|  |TAMS 0x0000000709000000, 0x0000000709000000| Untracked 
|  67|0x0000000709200000, 0x0000000709200000, 0x0000000709400000|  0%| F|  |TAMS 0x0000000709200000, 0x0000000709200000| Untracked 
|  68|0x0000000709400000, 0x0000000709400000, 0x0000000709600000|  0%| F|  |TAMS 0x0000000709400000, 0x0000000709400000| Untracked 
|  69|0x0000000709600000, 0x0000000709600000, 0x0000000709800000|  0%| F|  |TAMS 0x0000000709600000, 0x0000000709600000| Untracked 
|  70|0x0000000709800000, 0x0000000709800000, 0x0000000709a00000|  0%| F|  |TAMS 0x0000000709800000, 0x0000000709800000| Untracked 
|  71|0x0000000709a00000, 0x0000000709a00000, 0x0000000709c00000|  0%| F|  |TAMS 0x0000000709a00000, 0x0000000709a00000| Untracked 
|  72|0x0000000709c00000, 0x0000000709c00000, 0x0000000709e00000|  0%| F|  |TAMS 0x0000000709c00000, 0x0000000709c00000| Untracked 
|  73|0x0000000709e00000, 0x0000000709e00000, 0x000000070a000000|  0%| F|  |TAMS 0x0000000709e00000, 0x0000000709e00000| Untracked 
|  74|0x000000070a000000, 0x000000070a000000, 0x000000070a200000|  0%| F|  |TAMS 0x000000070a000000, 0x000000070a000000| Untracked 
|  75|0x000000070a200000, 0x000000070a200000, 0x000000070a400000|  0%| F|  |TAMS 0x000000070a200000, 0x000000070a200000| Untracked 
|  76|0x000000070a400000, 0x000000070a400000, 0x000000070a600000|  0%| F|  |TAMS 0x000000070a400000, 0x000000070a400000| Untracked 
|  77|0x000000070a600000, 0x000000070a600000, 0x000000070a800000|  0%| F|  |TAMS 0x000000070a600000, 0x000000070a600000| Untracked 
|  78|0x000000070a800000, 0x000000070a800000, 0x000000070aa00000|  0%| F|  |TAMS 0x000000070a800000, 0x000000070a800000| Untracked 
|  79|0x000000070aa00000, 0x000000070aa00000, 0x000000070ac00000|  0%| F|  |TAMS 0x000000070aa00000, 0x000000070aa00000| Untracked 
|  80|0x000000070ac00000, 0x000000070ac00000, 0x000000070ae00000|  0%| F|  |TAMS 0x000000070ac00000, 0x000000070ac00000| Untracked 
|  81|0x000000070ae00000, 0x000000070ae00000, 0x000000070b000000|  0%| F|  |TAMS 0x000000070ae00000, 0x000000070ae00000| Untracked 
|  82|0x000000070b000000, 0x000000070b000000, 0x000000070b200000|  0%| F|  |TAMS 0x000000070b000000, 0x000000070b000000| Untracked 
|  83|0x000000070b200000, 0x000000070b200000, 0x000000070b400000|  0%| F|  |TAMS 0x000000070b200000, 0x000000070b200000| Untracked 
|  84|0x000000070b400000, 0x000000070b400000, 0x000000070b600000|  0%| F|  |TAMS 0x000000070b400000, 0x000000070b400000| Untracked 
|  85|0x000000070b600000, 0x000000070b600000, 0x000000070b800000|  0%| F|  |TAMS 0x000000070b600000, 0x000000070b600000| Untracked 
|  86|0x000000070b800000, 0x000000070b800000, 0x000000070ba00000|  0%| F|  |TAMS 0x000000070b800000, 0x000000070b800000| Untracked 
|  87|0x000000070ba00000, 0x000000070ba00000, 0x000000070bc00000|  0%| F|  |TAMS 0x000000070ba00000, 0x000000070ba00000| Untracked 
|  88|0x000000070bc00000, 0x000000070bc00000, 0x000000070be00000|  0%| F|  |TAMS 0x000000070bc00000, 0x000000070bc00000| Untracked 
|  89|0x000000070be00000, 0x000000070be00000, 0x000000070c000000|  0%| F|  |TAMS 0x000000070be00000, 0x000000070be00000| Untracked 
|  90|0x000000070c000000, 0x000000070c000000, 0x000000070c200000|  0%| F|  |TAMS 0x000000070c000000, 0x000000070c000000| Untracked 
|  91|0x000000070c200000, 0x000000070c200000, 0x000000070c400000|  0%| F|  |TAMS 0x000000070c200000, 0x000000070c200000| Untracked 
|  92|0x000000070c400000, 0x000000070c400000, 0x000000070c600000|  0%| F|  |TAMS 0x000000070c400000, 0x000000070c400000| Untracked 
|  93|0x000000070c600000, 0x000000070c600000, 0x000000070c800000|  0%| F|  |TAMS 0x000000070c600000, 0x000000070c600000| Untracked 
|  94|0x000000070c800000, 0x000000070c800000, 0x000000070ca00000|  0%| F|  |TAMS 0x000000070c800000, 0x000000070c800000| Untracked 
|  95|0x000000070ca00000, 0x000000070ca00000, 0x000000070cc00000|  0%| F|  |TAMS 0x000000070ca00000, 0x000000070ca00000| Untracked 
|  96|0x000000070cc00000, 0x000000070cc00000, 0x000000070ce00000|  0%| F|  |TAMS 0x000000070cc00000, 0x000000070cc00000| Untracked 
|  97|0x000000070ce00000, 0x000000070ce00000, 0x000000070d000000|  0%| F|  |TAMS 0x000000070ce00000, 0x000000070ce00000| Untracked 
|  98|0x000000070d000000, 0x000000070d000000, 0x000000070d200000|  0%| F|  |TAMS 0x000000070d000000, 0x000000070d000000| Untracked 
|  99|0x000000070d200000, 0x000000070d200000, 0x000000070d400000|  0%| F|  |TAMS 0x000000070d200000, 0x000000070d200000| Untracked 
| 100|0x000000070d400000, 0x000000070d400000, 0x000000070d600000|  0%| F|  |TAMS 0x000000070d400000, 0x000000070d400000| Untracked 
| 101|0x000000070d600000, 0x000000070d600000, 0x000000070d800000|  0%| F|  |TAMS 0x000000070d600000, 0x000000070d600000| Untracked 
| 102|0x000000070d800000, 0x000000070d800000, 0x000000070da00000|  0%| F|  |TAMS 0x000000070d800000, 0x000000070d800000| Untracked 
| 103|0x000000070da00000, 0x000000070da00000, 0x000000070dc00000|  0%| F|  |TAMS 0x000000070da00000, 0x000000070da00000| Untracked 
| 104|0x000000070dc00000, 0x000000070dc00000, 0x000000070de00000|  0%| F|  |TAMS 0x000000070dc00000, 0x000000070dc00000| Untracked 
| 105|0x000000070de00000, 0x000000070de00000, 0x000000070e000000|  0%| F|  |TAMS 0x000000070de00000, 0x000000070de00000| Untracked 
| 106|0x000000070e000000, 0x000000070e000000, 0x000000070e200000|  0%| F|  |TAMS 0x000000070e000000, 0x000000070e000000| Untracked 
| 107|0x000000070e200000, 0x000000070e200000, 0x000000070e400000|  0%| F|  |TAMS 0x000000070e200000, 0x000000070e200000| Untracked 
| 108|0x000000070e400000, 0x000000070e400000, 0x000000070e600000|  0%| F|  |TAMS 0x000000070e400000, 0x000000070e400000| Untracked 
| 109|0x000000070e600000, 0x000000070e600000, 0x000000070e800000|  0%| F|  |TAMS 0x000000070e600000, 0x000000070e600000| Untracked 
| 110|0x000000070e800000, 0x000000070e800000, 0x000000070ea00000|  0%| F|  |TAMS 0x000000070e800000, 0x000000070e800000| Untracked 
| 111|0x000000070ea00000, 0x000000070ea00000, 0x000000070ec00000|  0%| F|  |TAMS 0x000000070ea00000, 0x000000070ea00000| Untracked 
| 112|0x000000070ec00000, 0x000000070ec00000, 0x000000070ee00000|  0%| F|  |TAMS 0x000000070ec00000, 0x000000070ec00000| Untracked 
| 113|0x000000070ee00000, 0x000000070ee00000, 0x000000070f000000|  0%| F|  |TAMS 0x000000070ee00000, 0x000000070ee00000| Untracked 
| 114|0x000000070f000000, 0x000000070f000000, 0x000000070f200000|  0%| F|  |TAMS 0x000000070f000000, 0x000000070f000000| Untracked 
| 115|0x000000070f200000, 0x000000070f400000, 0x000000070f400000|100%| S|CS|TAMS 0x000000070f200000, 0x000000070f200000| Complete 
| 116|0x000000070f400000, 0x000000070f600000, 0x000000070f600000|100%| S|CS|TAMS 0x000000070f400000, 0x000000070f400000| Complete 
| 117|0x000000070f600000, 0x000000070f600000, 0x000000070f800000|  0%| F|  |TAMS 0x000000070f600000, 0x000000070f600000| Untracked 
| 118|0x000000070f800000, 0x000000070f800000, 0x000000070fa00000|  0%| F|  |TAMS 0x000000070f800000, 0x000000070f800000| Untracked 
| 119|0x000000070fa00000, 0x000000070fa00000, 0x000000070fc00000|  0%| F|  |TAMS 0x000000070fa00000, 0x000000070fa00000| Untracked 
| 120|0x000000070fc00000, 0x000000070fc00000, 0x000000070fe00000|  0%| F|  |TAMS 0x000000070fc00000, 0x000000070fc00000| Untracked 
| 121|0x000000070fe00000, 0x000000070fe00000, 0x0000000710000000|  0%| F|  |TAMS 0x000000070fe00000, 0x000000070fe00000| Untracked 
| 122|0x0000000710000000, 0x000000071018ff20, 0x0000000710200000| 78%| E|  |TAMS 0x0000000710000000, 0x0000000710000000| Complete 
| 123|0x0000000710200000, 0x0000000710400000, 0x0000000710400000|100%| E|CS|TAMS 0x0000000710200000, 0x0000000710200000| Complete 
| 124|0x0000000710400000, 0x0000000710600000, 0x0000000710600000|100%| E|CS|TAMS 0x0000000710400000, 0x0000000710400000| Complete 
| 125|0x0000000710600000, 0x0000000710800000, 0x0000000710800000|100%| E|CS|TAMS 0x0000000710600000, 0x0000000710600000| Complete 
| 126|0x0000000710800000, 0x0000000710a00000, 0x0000000710a00000|100%| E|CS|TAMS 0x0000000710800000, 0x0000000710800000| Complete 
| 127|0x0000000710a00000, 0x0000000710c00000, 0x0000000710c00000|100%| E|CS|TAMS 0x0000000710a00000, 0x0000000710a00000| Complete 

Card table byte_map: [0x000001a7656c0000,0x000001a765ec0000] _byte_map_base: 0x000001a761eba000

Marking Bits (Prev, Next): (CMBitMap*) 0x000001a7521e7950, (CMBitMap*) 0x000001a7521e7990
 Prev Bits: [0x000001a7666c0000, 0x000001a76a690000)
 Next Bits: [0x000001a76a690000, 0x000001a76e660000)

Polling page: 0x000001a7500f0000

Metaspace:

Usage:
  Non-class:     12.17 MB used.
      Class:      1.59 MB used.
       Both:     13.76 MB used.

Virtual space:
  Non-class space:       16.00 MB reserved,      12.25 MB ( 77%) committed,  2 nodes.
      Class space:        1.00 GB reserved,       1.69 MB ( <1%) committed,  1 nodes.
             Both:        1.02 GB reserved,      13.94 MB (  1%) committed. 

Chunk freelists:
   Non-Class:  3.55 MB
       Class:  2.27 MB
        Both:  5.81 MB

MaxMetaspaceSize: unlimited
CompressedClassSpaceSize: 1.00 GB
Initial GC threshold: 21.00 MB
Current GC threshold: 21.00 MB
CDS: off
MetaspaceReclaimPolicy: balanced
 - commit_granule_bytes: 65536.
 - commit_granule_words: 8192.
 - virtual_space_node_default_size: 1048576.
 - enlarge_chunks_in_place: 1.
 - new_chunks_are_fully_committed: 0.
 - uncommit_free_chunks: 1.
 - use_allocation_guard: 0.
 - handle_deallocations: 1.


Internal statistics:

num_allocs_failed_limit: 0.
num_arena_births: 64.
num_arena_deaths: 0.
num_vsnodes_births: 3.
num_vsnodes_deaths: 0.
num_space_committed: 223.
num_space_uncommitted: 0.
num_chunks_returned_to_freelist: 0.
num_chunks_taken_from_freelist: 250.
num_chunk_merges: 0.
num_chunk_splits: 162.
num_chunks_enlarged: 137.
num_purges: 0.
num_inconsistent_stats: 0.

CodeHeap 'non-profiled nmethods': size=119168Kb used=426Kb max_used=426Kb free=118741Kb
 bounds [0x000001a75d1e0000, 0x000001a75d450000, 0x000001a764640000]
CodeHeap 'profiled nmethods': size=119104Kb used=1945Kb max_used=1945Kb free=117158Kb
 bounds [0x000001a755640000, 0x000001a7558b0000, 0x000001a75ca90000]
CodeHeap 'non-nmethods': size=7488Kb used=2834Kb max_used=2852Kb free=4653Kb
 bounds [0x000001a75ca90000, 0x000001a75cd60000, 0x000001a75d1e0000]
 total_blobs=1501 nmethods=1065 adapters=346
 compilation: enabled
              stopped_count=0, restarted_count=0
 full_count=0

Compilation events (20 events):
Event: 0.701 Thread 0x000001a772228140 1057       3       java.lang.invoke.MethodType$ConcurrentWeakInternSet::get (47 bytes)
Event: 0.701 Thread 0x000001a7724de1b0 nmethod 1054 0x000001a75d249d10 code [0x000001a75d249e80, 0x000001a75d249f18]
Event: 0.701 Thread 0x000001a772c67430 1058       3       jdk.internal.org.objectweb.asm.Frame::getInputStackSize (6 bytes)
Event: 0.701 Thread 0x000001a772228140 nmethod 1057 0x000001a755821110 code [0x000001a755821340, 0x000001a755821cd8]
Event: 0.701 Thread 0x000001a7720cc270 nmethod 1056 0x000001a755822010 code [0x000001a755822260, 0x000001a755822b48]
Event: 0.701 Thread 0x000001a772c67430 nmethod 1058 0x000001a755822e10 code [0x000001a755822fa0, 0x000001a7558230b8]
Event: 0.702 Thread 0x000001a7720cc270 1059       3       java.lang.reflect.AccessibleObject::<init> (5 bytes)
Event: 0.702 Thread 0x000001a7720cc270 nmethod 1059 0x000001a755823190 code [0x000001a755823320, 0x000001a755823478]
Event: 0.702 Thread 0x000001a772c67430 1060       3       java.lang.reflect.Executable::<init> (5 bytes)
Event: 0.702 Thread 0x000001a772c67430 nmethod 1060 0x000001a755823510 code [0x000001a7558236c0, 0x000001a755823878]
Event: 0.702 Thread 0x000001a772228650 1061       3       jdk.internal.org.objectweb.asm.Type::getReturnTypeOffset (64 bytes)
Event: 0.703 Thread 0x000001a772228140 1062       3       jdk.internal.org.objectweb.asm.Frame::accept (264 bytes)
Event: 0.703 Thread 0x000001a772228140 nmethod 1062 0x000001a755823990 code [0x000001a755823bc0, 0x000001a7558244f8]
Event: 0.703 Thread 0x000001a772228650 nmethod 1061 0x000001a755824890 code [0x000001a755824bc0, 0x000001a755825fb8]
Event: 0.710 Thread 0x000001a7724de1b0 1063       4       java.lang.String::toString (2 bytes)
Event: 0.710 Thread 0x000001a772228140 1065       1       java.util.concurrent.ConcurrentHashMap$MapEntry::getValue (5 bytes)
Event: 0.710 Thread 0x000001a772c67430 1064       1       java.util.concurrent.ConcurrentHashMap$MapEntry::getKey (5 bytes)
Event: 0.710 Thread 0x000001a772228140 nmethod 1065 0x000001a75d24a010 code [0x000001a75d24a1a0, 0x000001a75d24a278]
Event: 0.710 Thread 0x000001a772c67430 nmethod 1064 0x000001a75d24a310 code [0x000001a75d24a4a0, 0x000001a75d24a578]
Event: 0.710 Thread 0x000001a7724de1b0 nmethod 1063 0x000001a75d24a610 code [0x000001a75d24a780, 0x000001a75d24a7f8]

GC Heap History (2 events):
Event: 0.526 GC heap before
{Heap before GC invocations=0 (full 0):
 garbage-first heap   total 262144K, used 28672K [0x0000000700c00000, 0x0000000800000000)
  region size 2048K, 11 young (22528K), 0 survivors (0K)
 Metaspace       used 10530K, committed 10688K, reserved 1064960K
  class space    used 1055K, committed 1152K, reserved 1048576K
}
Event: 0.529 GC heap after
{Heap after GC invocations=1 (full 0):
 garbage-first heap   total 262144K, used 10149K [0x0000000700c00000, 0x0000000800000000)
  region size 2048K, 2 young (4096K), 2 survivors (4096K)
 Metaspace       used 10530K, committed 10688K, reserved 1064960K
  class space    used 1055K, committed 1152K, reserved 1048576K
}

Dll operation events (2 events):
Event: 0.006 Loaded shared library D:\work\AS_env\jbr\bin\java.dll
Event: 0.091 Loaded shared library D:\work\AS_env\jbr\bin\verify.dll

Deoptimization events (20 events):
Event: 0.661 Thread 0x000001a75005e000 DEOPT PACKING pc=0x000001a7556e9665 sp=0x0000008b8e9fb9f0
Event: 0.661 Thread 0x000001a75005e000 DEOPT UNPACKING pc=0x000001a75cae7143 sp=0x0000008b8e9fae40 mode 0
Event: 0.684 Thread 0x000001a75005e000 Uncommon trap: trap_request=0xffffffc6 fr.pc=0x000001a75d23fbf8 relative=0x0000000000000598
Event: 0.684 Thread 0x000001a75005e000 Uncommon trap: reason=bimorphic_or_optimized_type_check action=maybe_recompile pc=0x000001a75d23fbf8 method=java.util.concurrent.ConcurrentHashMap.get(Ljava/lang/Object;)Ljava/lang/Object; @ 149 c2
Event: 0.684 Thread 0x000001a75005e000 DEOPT PACKING pc=0x000001a75d23fbf8 sp=0x0000008b8e9faf00
Event: 0.684 Thread 0x000001a75005e000 DEOPT UNPACKING pc=0x000001a75cae69a3 sp=0x0000008b8e9faea0 mode 2
Event: 0.684 Thread 0x000001a75005e000 Uncommon trap: trap_request=0xffffffc6 fr.pc=0x000001a75d23fbf8 relative=0x0000000000000598
Event: 0.684 Thread 0x000001a75005e000 Uncommon trap: reason=bimorphic_or_optimized_type_check action=maybe_recompile pc=0x000001a75d23fbf8 method=java.util.concurrent.ConcurrentHashMap.get(Ljava/lang/Object;)Ljava/lang/Object; @ 149 c2
Event: 0.684 Thread 0x000001a75005e000 DEOPT PACKING pc=0x000001a75d23fbf8 sp=0x0000008b8e9faf00
Event: 0.684 Thread 0x000001a75005e000 DEOPT UNPACKING pc=0x000001a75cae69a3 sp=0x0000008b8e9faea0 mode 2
Event: 0.684 Thread 0x000001a75005e000 Uncommon trap: trap_request=0xffffffc6 fr.pc=0x000001a75d23fbf8 relative=0x0000000000000598
Event: 0.684 Thread 0x000001a75005e000 Uncommon trap: reason=bimorphic_or_optimized_type_check action=maybe_recompile pc=0x000001a75d23fbf8 method=java.util.concurrent.ConcurrentHashMap.get(Ljava/lang/Object;)Ljava/lang/Object; @ 149 c2
Event: 0.684 Thread 0x000001a75005e000 DEOPT PACKING pc=0x000001a75d23fbf8 sp=0x0000008b8e9faf00
Event: 0.684 Thread 0x000001a75005e000 DEOPT UNPACKING pc=0x000001a75cae69a3 sp=0x0000008b8e9faea0 mode 2
Event: 0.684 Thread 0x000001a75005e000 Uncommon trap: trap_request=0xffffffc6 fr.pc=0x000001a75d23fbf8 relative=0x0000000000000598
Event: 0.684 Thread 0x000001a75005e000 Uncommon trap: reason=bimorphic_or_optimized_type_check action=maybe_recompile pc=0x000001a75d23fbf8 method=java.util.concurrent.ConcurrentHashMap.get(Ljava/lang/Object;)Ljava/lang/Object; @ 149 c2
Event: 0.684 Thread 0x000001a75005e000 DEOPT PACKING pc=0x000001a75d23fbf8 sp=0x0000008b8e9faf00
Event: 0.684 Thread 0x000001a75005e000 DEOPT UNPACKING pc=0x000001a75cae69a3 sp=0x0000008b8e9faea0 mode 2
Event: 0.693 Thread 0x000001a75005e000 DEOPT PACKING pc=0x000001a75573e6c8 sp=0x0000008b8e9f91e0
Event: 0.693 Thread 0x000001a75005e000 DEOPT UNPACKING pc=0x000001a75cae7143 sp=0x0000008b8e9f86f8 mode 0

Classes unloaded (0 events):
No events

Classes redefined (0 events):
No events

Internal exceptions (14 events):
Event: 0.181 Thread 0x000001a75005e000 Exception <a 'java/lang/NoSuchMethodError'{0x000000071065ef90}: 'int java.lang.invoke.DirectMethodHandle$Holder.invokeStaticInit(java.lang.Object, java.lang.Object)'> (0x000000071065ef90) 
thrown [s\src\hotspot\share\interpreter\linkResolver.cpp, line 771]
Event: 0.522 Thread 0x000001a75005e000 Exception <a 'java/lang/NoSuchMethodError'{0x000000070f7dc788}: 'void java.lang.invoke.DirectMethodHandle$Holder.invokeStatic(java.lang.Object, java.lang.Object)'> (0x000000070f7dc788) 
thrown [s\src\hotspot\share\interpreter\linkResolver.cpp, line 771]
Event: 0.541 Thread 0x000001a75005e000 Exception <a 'java/lang/NoClassDefFoundError'{0x0000000710a6c2c0}: org/slf4j/impl/StaticMarkerBinder> (0x0000000710a6c2c0) 
thrown [s\src\hotspot\share\classfile\systemDictionary.cpp, line 245]
Event: 0.550 Thread 0x000001a75005e000 Exception <a 'java/lang/NoSuchMethodError'{0x0000000710b4a0b0}: 'java.lang.Object java.lang.invoke.DirectMethodHandle$Holder.invokeVirtual(java.lang.Object, java.lang.Object, java.lang.Object, java.lang.Object, java.lang.Object, java.lang.Object, java.lang.Object)'> (0x0000000710b4a0b0) 
thrown [s\src\hotspot\share\interpreter\linkResolver.cpp, line 771]
Event: 0.551 Thread 0x000001a75005e000 Exception <a 'java/lang/NoSuchMethodError'{0x0000000710b9e1f0}: 'java.lang.Object java.lang.invoke.Invokers$Holder.invoker(java.lang.Object, java.lang.Object, java.lang.Object)'> (0x0000000710b9e1f0) 
thrown [s\src\hotspot\share\interpreter\linkResolver.cpp, line 771]
Event: 0.553 Thread 0x000001a75005e000 Exception <a 'java/lang/NoSuchMethodError'{0x0000000710ba73a0}: 'java.lang.Object java.lang.invoke.DirectMethodHandle$Holder.invokeStatic(java.lang.Object, java.lang.Object, int)'> (0x0000000710ba73a0) 
thrown [s\src\hotspot\share\interpreter\linkResolver.cpp, line 771]
Event: 0.554 Thread 0x000001a75005e000 Exception <a 'java/lang/NoSuchMethodError'{0x0000000710bb3090}: 'void java.lang.invoke.DelegatingMethodHandle$Holder.delegate(java.lang.Object, java.lang.Object, int, java.lang.Object)'> (0x0000000710bb3090) 
thrown [s\src\hotspot\share\interpreter\linkResolver.cpp, line 771]
Event: 0.555 Thread 0x000001a75005e000 Exception <a 'java/lang/NoSuchMethodError'{0x0000000710bb7258}: 'int java.lang.invoke.DirectMethodHandle$Holder.invokeSpecial(java.lang.Object, java.lang.Object, java.lang.Object)'> (0x0000000710bb7258) 
thrown [s\src\hotspot\share\interpreter\linkResolver.cpp, line 771]
Event: 0.557 Thread 0x000001a75005e000 Exception <a 'java/lang/NoSuchMethodError'{0x0000000710bca410}: 'java.lang.Object java.lang.invoke.Invokers$Holder.invokeExact_MT(java.lang.Object, java.lang.Object, java.lang.Object, java.lang.Object)'> (0x0000000710bca410) 
thrown [s\src\hotspot\share\interpreter\linkResolver.cpp, line 771]
Event: 0.618 Thread 0x000001a75005e000 Exception <a 'java/lang/NoSuchMethodError'{0x00000007107c9298}: 'java.lang.Object java.lang.invoke.DirectMethodHandle$Holder.invokeInterface(java.lang.Object, java.lang.Object, java.lang.Object)'> (0x00000007107c9298) 
thrown [s\src\hotspot\share\interpreter\linkResolver.cpp, line 771]
Event: 0.620 Thread 0x000001a75005e000 Exception <a 'java/lang/NoSuchMethodError'{0x00000007107eabc0}: 'void java.lang.invoke.DirectMethodHandle$Holder.invokeSpecial(java.lang.Object, java.lang.Object, java.lang.Object)'> (0x00000007107eabc0) 
thrown [s\src\hotspot\share\interpreter\linkResolver.cpp, line 771]
Event: 0.630 Thread 0x000001a75005e000 Implicit null exception at 0x000001a75d22ac10 to 0x000001a75d22b180
Event: 0.630 Thread 0x000001a75005e000 Implicit null exception at 0x000001a75d220210 to 0x000001a75d22077c
Event: 0.645 Thread 0x000001a75005e000 Exception <a 'java/lang/NoSuchMethodError'{0x00000007105874b8}: 'java.lang.Object java.lang.invoke.DirectMethodHandle$Holder.invokeStaticInit(java.lang.Object)'> (0x00000007105874b8) 
thrown [s\src\hotspot\share\interpreter\linkResolver.cpp, line 771]

VM Operations (12 events):
Event: 0.089 Executing VM operation: HandshakeAllThreads
Event: 0.089 Executing VM operation: HandshakeAllThreads done
Event: 0.450 Executing VM operation: HandshakeAllThreads
Event: 0.450 Executing VM operation: HandshakeAllThreads done
Event: 0.526 Executing VM operation: G1CollectForAllocation
Event: 0.526 Executing VM operation: G1CollectForAllocation done
Event: 0.526 Executing VM operation: G1CollectForAllocation
Event: 0.529 Executing VM operation: G1CollectForAllocation done
Event: 0.553 Executing VM operation: HandshakeAllThreads
Event: 0.553 Executing VM operation: HandshakeAllThreads done
Event: 0.687 Executing VM operation: HandshakeAllThreads
Event: 0.687 Executing VM operation: HandshakeAllThreads done

Events (20 events):
Event: 0.695 loading class java/lang/invoke/VarHandleLongs$FieldInstanceReadOnly done
Event: 0.695 loading class java/lang/invoke/VarHandleLongs$FieldInstanceReadWrite done
Event: 0.695 loading class java/util/concurrent/atomic/Striped64$1
Event: 0.695 loading class java/util/concurrent/atomic/Striped64$1 done
Event: 0.698 loading class java/io/StreamCorruptedException
Event: 0.698 loading class java/io/StreamCorruptedException done
Event: 0.699 loading class java/util/concurrent/ConcurrentSkipListMap$EntrySet
Event: 0.699 loading class java/util/concurrent/ConcurrentSkipListMap$EntrySet done
Event: 0.699 loading class java/util/concurrent/ConcurrentSkipListMap$EntryIterator
Event: 0.699 loading class java/util/concurrent/ConcurrentSkipListMap$Iter
Event: 0.699 loading class java/util/concurrent/ConcurrentSkipListMap$Iter done
Event: 0.699 loading class java/util/concurrent/ConcurrentSkipListMap$EntryIterator done
Event: 0.699 loading class java/util/AbstractMap$SimpleImmutableEntry
Event: 0.699 loading class java/util/AbstractMap$SimpleImmutableEntry done
Event: 0.699 loading class java/util/LinkedHashMap$LinkedEntrySet
Event: 0.699 loading class java/util/LinkedHashMap$LinkedEntrySet done
Event: 0.700 loading class java/util/LinkedHashMap$LinkedEntryIterator
Event: 0.700 loading class java/util/LinkedHashMap$LinkedEntryIterator done
Event: 0.701 loading class jdk/internal/misc/ScopedMemoryAccess$Scope
Event: 0.701 loading class jdk/internal/misc/ScopedMemoryAccess$Scope done


Dynamic libraries:
0x00007ff65c910000 - 0x00007ff65c91a000 	D:\work\AS_env\jbr\bin\java.exe
0x00007ff987650000 - 0x00007ff987848000 	C:\WINDOWS\SYSTEM32\ntdll.dll
0x00007ff95a0c0000 - 0x00007ff95a0d9000 	C:\Program Files\Avast Software\Avast\aswhook.dll
0x00007ff986250000 - 0x00007ff98630d000 	C:\WINDOWS\System32\KERNEL32.DLL
0x00007ff985050000 - 0x00007ff985346000 	C:\WINDOWS\System32\KERNELBASE.dll
0x00007ff985350000 - 0x00007ff985450000 	C:\WINDOWS\System32\ucrtbase.dll
0x00007ff93e450000 - 0x00007ff93e467000 	D:\work\AS_env\jbr\bin\jli.dll
0x00007ff97fac0000 - 0x00007ff97fadb000 	D:\work\AS_env\jbr\bin\VCRUNTIME140.dll
0x00007ff986a60000 - 0x00007ff986bfe000 	C:\WINDOWS\System32\USER32.dll
0x00007ff985450000 - 0x00007ff985472000 	C:\WINDOWS\System32\win32u.dll
0x00007ff973a60000 - 0x00007ff973cfa000 	C:\WINDOWS\WinSxS\amd64_microsoft.windows.common-controls_6595b64144ccf1df_6.0.19041.3636_none_60b6a03d71f818d5\COMCTL32.dll
0x00007ff985a70000 - 0x00007ff985a9c000 	C:\WINDOWS\System32\GDI32.dll
0x00007ff985c80000 - 0x00007ff985d1e000 	C:\WINDOWS\System32\msvcrt.dll
0x00007ff984f00000 - 0x00007ff98501a000 	C:\WINDOWS\System32\gdi32full.dll
0x00007ff984dd0000 - 0x00007ff984e6d000 	C:\WINDOWS\System32\msvcp_win.dll
0x00007ff986ef0000 - 0x00007ff986f20000 	C:\WINDOWS\System32\IMM32.DLL
0x00007ff97f420000 - 0x00007ff97f42c000 	D:\work\AS_env\jbr\bin\vcruntime140_1.dll
0x00007ff95a630000 - 0x00007ff95a6bd000 	D:\work\AS_env\jbr\bin\msvcp140.dll
0x00007ff917ec0000 - 0x00007ff918b2e000 	D:\work\AS_env\jbr\bin\server\jvm.dll
0x00007ff985ed0000 - 0x00007ff985f83000 	C:\WINDOWS\System32\ADVAPI32.dll
0x00007ff985aa0000 - 0x00007ff985b3f000 	C:\WINDOWS\System32\sechost.dll
0x00007ff986120000 - 0x00007ff986246000 	C:\WINDOWS\System32\RPCRT4.dll
0x00007ff985020000 - 0x00007ff985047000 	C:\WINDOWS\System32\bcrypt.dll
0x00007ff964090000 - 0x00007ff964099000 	C:\WINDOWS\SYSTEM32\WSOCK32.dll
0x00007ff97b370000 - 0x00007ff97b397000 	C:\WINDOWS\SYSTEM32\WINMM.dll
0x00007ff97daa0000 - 0x00007ff97daaa000 	C:\WINDOWS\SYSTEM32\VERSION.dll
0x00007ff986000000 - 0x00007ff98606b000 	C:\WINDOWS\System32\WS2_32.dll
0x00007ff982bf0000 - 0x00007ff982c02000 	C:\WINDOWS\SYSTEM32\kernel.appcore.dll
0x00007ff96ab80000 - 0x00007ff96ab8a000 	D:\work\AS_env\jbr\bin\jimage.dll
0x00007ff97cba0000 - 0x00007ff97cd84000 	C:\WINDOWS\SYSTEM32\DBGHELP.DLL
0x00007ff96e6d0000 - 0x00007ff96e704000 	C:\WINDOWS\SYSTEM32\dbgcore.DLL
0x00007ff984e70000 - 0x00007ff984ef2000 	C:\WINDOWS\System32\bcryptPrimitives.dll
0x00007ff960c90000 - 0x00007ff960cb5000 	D:\work\AS_env\jbr\bin\java.dll
0x00007ff96a4a0000 - 0x00007ff96a4b8000 	D:\work\AS_env\jbr\bin\zip.dll
0x00007ff986310000 - 0x00007ff986a55000 	C:\WINDOWS\System32\SHELL32.dll
0x00007ff982df0000 - 0x00007ff98358b000 	C:\WINDOWS\SYSTEM32\windows.storage.dll
0x00007ff985700000 - 0x00007ff985a54000 	C:\WINDOWS\System32\combase.dll
0x00007ff9846e0000 - 0x00007ff98470d000 	C:\WINDOWS\SYSTEM32\Wldp.dll
0x00007ff986070000 - 0x00007ff98611d000 	C:\WINDOWS\System32\SHCORE.dll
0x00007ff9856a0000 - 0x00007ff9856f5000 	C:\WINDOWS\System32\shlwapi.dll
0x00007ff984c50000 - 0x00007ff984c75000 	C:\WINDOWS\SYSTEM32\profapi.dll
0x00007ff93e490000 - 0x00007ff93e4a9000 	D:\work\AS_env\jbr\bin\net.dll
0x00007ff97e4c0000 - 0x00007ff97e5ca000 	C:\WINDOWS\SYSTEM32\WINHTTP.dll
0x00007ff9843e0000 - 0x00007ff98444a000 	C:\WINDOWS\system32\mswsock.dll
0x00007ff93e470000 - 0x00007ff93e486000 	D:\work\AS_env\jbr\bin\nio.dll
0x00007ff96a860000 - 0x00007ff96a870000 	D:\work\AS_env\jbr\bin\verify.dll
0x00007ff97e160000 - 0x00007ff97e187000 	C:\Users\admin\.gradle\native\e1d6ef7f7dcc3fd88c89a11ec53ec762bb8ba0a96d01ffa2cd45eb1d1d8dd5c5\windows-amd64\native-platform.dll
0x00007ff96a510000 - 0x00007ff96a519000 	D:\work\AS_env\jbr\bin\management.dll
0x00007ff96a3d0000 - 0x00007ff96a3db000 	D:\work\AS_env\jbr\bin\management_ext.dll
0x00007ff985f90000 - 0x00007ff985f98000 	C:\WINDOWS\System32\PSAPI.DLL

dbghelp: loaded successfully - version: 4.0.5 - missing functions: none
symbol engine: initialized successfully - sym options: 0x614 - pdb path: .;D:\work\AS_env\jbr\bin;C:\WINDOWS\SYSTEM32;C:\Program Files\Avast Software\Avast;C:\WINDOWS\WinSxS\amd64_microsoft.windows.common-controls_6595b64144ccf1df_6.0.19041.3636_none_60b6a03d71f818d5;D:\work\AS_env\jbr\bin\server;C:\Users\admin\.gradle\native\e1d6ef7f7dcc3fd88c89a11ec53ec762bb8ba0a96d01ffa2cd45eb1d1d8dd5c5\windows-amd64

VM Arguments:
jvm_args: -Dorg.gradle.appname=gradlew 
java_command: org.gradle.wrapper.GradleWrapperMain -q -Ptarget-platform=android-arm64 -Ptarget=D:\work\Flutter_to_do\repo_6\lib\main.dart -Pbase-application-name=android.app.Application -Pdart-defines=Zmx1dHRlci5pbnNwZWN0b3Iuc3RydWN0dXJlZEVycm9ycz10cnVl,RkxVVFRFUl9XRUJfQVVUT19ERVRFQ1Q9dHJ1ZQ==,RkxVVFRFUl9XRUJfQ0FOVkFTS0lUX1VSTD1odHRwczovL3d3dy5nc3RhdGljLmNvbS9mbHV0dGVyLWNhbnZhc2tpdC9hNzk0Y2YyNjgxYzZjOWZlN2IyNjBlMGU4NGRlOTYyOThkYzljMThiLw== -Pdart-obfuscation=false -Ptrack-widget-creation=true -Ptree-shake-icons=false -Pfilesystem-scheme=org-dartlang-root assembleDebug
java_class_path (initial): D:\work\Flutter_to_do\repo_6\android\\gradle\wrapper\gradle-wrapper.jar
Launcher Type: SUN_STANDARD

[Global flags]
     intx CICompilerCount                          = 12                                        {product} {ergonomic}
     uint ConcGCThreads                            = 3                                         {product} {ergonomic}
     uint G1ConcRefinementThreads                  = 13                                        {product} {ergonomic}
   size_t G1HeapRegionSize                         = 2097152                                   {product} {ergonomic}
    uintx GCDrainStackTargetSize                   = 64                                        {product} {ergonomic}
   size_t InitialHeapSize                          = 268435456                                 {product} {ergonomic}
   size_t MarkStackSize                            = 4194304                                   {product} {ergonomic}
   size_t MaxHeapSize                              = 4282384384                                {product} {ergonomic}
   size_t MaxNewSize                               = 2569011200                                {product} {ergonomic}
   size_t MinHeapDeltaBytes                        = 2097152                                   {product} {ergonomic}
   size_t MinHeapSize                              = 8388608                                   {product} {ergonomic}
    uintx NonNMethodCodeHeapSize                   = 7602480                                {pd product} {ergonomic}
    uintx NonProfiledCodeHeapSize                  = 122027880                              {pd product} {ergonomic}
    uintx ProfiledCodeHeapSize                     = 122027880                              {pd product} {ergonomic}
    uintx ReservedCodeCacheSize                    = 251658240                              {pd product} {ergonomic}
     bool SegmentedCodeCache                       = true                                      {product} {ergonomic}
   size_t SoftMaxHeapSize                          = 4282384384                             {manageable} {ergonomic}
     bool UseCompressedClassPointers               = true                           {product lp64_product} {ergonomic}
     bool UseCompressedOops                        = true                           {product lp64_product} {ergonomic}
     bool UseG1GC                                  = true                                      {product} {ergonomic}
     bool UseLargePagesIndividualAllocation        = false                                  {pd product} {ergonomic}

Logging:
Log output configuration:
 #0: stdout all=warning uptime,level,tags
 #1: stderr all=off uptime,level,tags

Environment Variables:
JAVA_HOME=D:\work\AS_env\jbr
CLASSPATH=D:\work\Flutter_to_do\repo_6\android\\gradle\wrapper\gradle-wrapper.jar
PATH=D:\work\AS_env\jbr\bin;C:\Program Files\Common Files\Oracle\Java\javapath;C:\Program Files (x86)\Common Files\Oracle\Java\javapath;C:\Windows\system32;C:\Windows;C:\Windows\System32\Wbem;C:\Windows\System32\WindowsPowerShell\v1.0\;C:\WINDOWS\system32;C:\WINDOWS;C:\WINDOWS\System32\Wbem;C:\WINDOWS\System32\WindowsPowerShell\v1.0\;C:\WINDOWS\System32\OpenSSH\;C:\RVI\Filters;C:\Program Files (x86)\IBM\Client Access\Emulator;C:\Program Files (x86)\IBM\Client Access\Shared;C:\Program Files (x86)\IBM\Client Access\;C:\WINDOWS\system32;C:\WINDOWS;C:\WINDOWS\System32\Wbem;C:\WINDOWS\System32\WindowsPowerShell\v1.0\;C:\WINDOWS\System32\OpenSSH\;C:\Users\admin\AppData\Local\Microsoft\WindowsApps;C:\adb;C:\Program Files\Git\cmd;C:\Program Files (x86)\Windows Kits\10\Windows Performance Toolkit\;D:\work\sqlLite;D:\work\Repo_1\Main_repo\tesseract-ocr-tesseract-bc059ec;C:\Users\admin\AppData\Local\Programs\Python\Python311\Scripts\;C:\Users\admin\AppData\Local\Programs\Python\Python311\;C:\Users\admin\AppData\Local\Microsoft\WindowsApps;C:\Users\admin\AppData\Local\Programs\Microsoft VS Code\bin;D:\work\flutter\bin;C:\Users\admin\AppData\Local\GitHubDesktop\bin;D:\work\Tesseract-OCR;D:\work\dart-sdk\bin;C:\Program Files\Java\jdk-17\bin;;D:\work\flutter\bin\mingit\cmd
USERNAME=admin
OS=Windows_NT
PROCESSOR_IDENTIFIER=AMD64 Family 23 Model 8 Stepping 2, AuthenticAMD
TMP=C:\Users\admin\AppData\Local\Temp
TEMP=C:\Users\admin\AppData\Local\Temp


JNI global refs:
JNI global refs: 16, weak refs: 0

JNI global refs memory usage: 843, weak refs: 841


---------------  S Y S T E M  ---------------

OS:
 Windows 10 , 64 bit Build 19041 (10.0.19041.3636)
OS uptime: 5 days 21:51 hours

CPU: total 16 (initial active 16) (16 cores per cpu, 2 threads per core) family 23 model 8 stepping 2 microcode 0x0, cx8, cmov, fxsr, ht, mmx, 3dnowpref, sse, sse2, sse3, ssse3, sse4a, sse4.1, sse4.2, popcnt, lzcnt, tsc, tscinvbit, avx, avx2, aes, clmul, bmi1, bmi2, adx, sha, fma, vzeroupper, clflush, clflushopt

Memory: 4k page, system-wide physical 16334M (6144M free)
TotalPageFile size 35079M (AvailPageFile size 210M)
current process WorkingSet (physical memory assigned to process): 94M, peak: 94M
current process commit charge ("private bytes"): 374M, peak: 374M

vm_info: OpenJDK 64-Bit Server VM (17.0.6+0-b2043.56-10027231) for windows-amd64 JRE (17.0.6+0-b2043.56-10027231), built on Apr 28 2023 00:43:19 by "androidbuild" with MS VC++ 16.10 / 16.11 (VS2019)

END.
