#
# There is insufficient memory for the Java Runtime Environment to continue.
# Native memory allocation (mmap) failed to map 65536 bytes for Failed to commit metaspace.
# Possible reasons:
#   The system is out of physical RAM or swap space
#   The process is running with CompressedOops enabled, and the Java Heap may be blocking the growth of the native heap
# Possible solutions:
#   Reduce memory load on the system
#   Increase physical memory or swap space
#   Check if swap backing store is full
#   Decrease Java heap size (-Xmx/-Xms)
#   Decrease number of Java threads
#   Decrease Java thread stack sizes (-Xss)
#   Set larger code cache with -XX:ReservedCodeCacheSize=
#   JVM is running with Zero Based Compressed Oops mode in which the Java heap is
#     placed in the first 32GB address space. The Java Heap base address is the
#     maximum limit for the native heap growth. Please use -XX:HeapBaseMinAddress
#     to set the Java Heap base and to place the Java Heap above 32GB virtual address.
# This output file may be truncated or incomplete.
#
#  Out of Memory Error (virtualSpaceNode.cpp:110), pid=18416, tid=16092
#
# JRE version: OpenJDK Runtime Environment (17.0.6) (build 17.0.6+0-b2043.56-10027231)
# Java VM: OpenJDK 64-Bit Server VM (17.0.6+0-b2043.56-10027231, mixed mode, tiered, compressed oops, compressed class ptrs, g1 gc, windows-amd64)
# No core dump will be written. Minidumps are not enabled by default on client versions of Windows
#

---------------  S U M M A R Y ------------

Command Line: -Dorg.gradle.appname=gradlew org.gradle.wrapper.GradleWrapperMain -q -Ptarget-platform=android-arm64 -Ptarget=D:\work\Flutter_to_do\repo_6\lib\main.dart -Pbase-application-name=android.app.Application -Pdart-defines=Zmx1dHRlci5pbnNwZWN0b3Iuc3RydWN0dXJlZEVycm9ycz10cnVl,RkxVVFRFUl9XRUJfQVVUT19ERVRFQ1Q9dHJ1ZQ==,RkxVVFRFUl9XRUJfQ0FOVkFTS0lUX1VSTD1odHRwczovL3d3dy5nc3RhdGljLmNvbS9mbHV0dGVyLWNhbnZhc2tpdC9hNzk0Y2YyNjgxYzZjOWZlN2IyNjBlMGU4NGRlOTYyOThkYzljMThiLw== -Pdart-obfuscation=false -Ptrack-widget-creation=true -Ptree-shake-icons=false -Pfilesystem-scheme=org-dartlang-root assembleDebug

Host: AMD Ryzen 7 2700X Eight-Core Processor         , 16 cores, 15G,  Windows 10 , 64 bit Build 19041 (10.0.19041.3636)
Time: Fri Feb  9 15:03:09 2024 India Standard Time elapsed time: 0.163286 seconds (0d 0h 0m 0s)

---------------  T H R E A D  ---------------

Current thread (0x000001f1c5cfe000):  JavaThread "main" [_thread_in_vm, id=16092, stack(0x000000c30a500000,0x000000c30a600000)]

Stack: [0x000000c30a500000,0x000000c30a600000]
Native frames: (J=compiled Java code, j=interpreted, Vv=VM code, C=native code)
V  [jvm.dll+0x683c9a]
V  [jvm.dll+0x8427a4]
V  [jvm.dll+0x843f9e]
V  [jvm.dll+0x844603]
V  [jvm.dll+0x249b75]
V  [jvm.dll+0x83e7fb]
V  [jvm.dll+0x628006]
V  [jvm.dll+0x62806a]
V  [jvm.dll+0x62a87a]
V  [jvm.dll+0x6289a6]
V  [jvm.dll+0x3707f2]
V  [jvm.dll+0x1e565b]
V  [jvm.dll+0x548016]
V  [jvm.dll+0x1f46eb]
V  [jvm.dll+0x7bc7cb]
V  [jvm.dll+0x7bdc12]
V  [jvm.dll+0x7bdf48]
V  [jvm.dll+0x24190e]
V  [jvm.dll+0x241b5f]
V  [jvm.dll+0x565ef8]
V  [jvm.dll+0x568e37]
V  [jvm.dll+0x3883a4]
V  [jvm.dll+0x387a0f]
C  0x000001f1d1fea519

Java frames: (J=compiled Java code, j=interpreted, Vv=VM code)
j  java.util.Formatter.parse(Ljava/lang/String;)Ljava/util/List;+112 java.base@17.0.6
j  java.util.Formatter.format(Ljava/util/Locale;Ljava/lang/String;[Ljava/lang/Object;)Ljava/util/Formatter;+12 java.base@17.0.6
j  java.util.Formatter.format(Ljava/lang/String;[Ljava/lang/Object;)Ljava/util/Formatter;+7 java.base@17.0.6
j  java.lang.String.format(Ljava/lang/String;[Ljava/lang/Object;)Ljava/lang/String;+9 java.base@17.0.6
j  org.gradle.wrapper.PathAssembler.rootDirName(Ljava/lang/String;Lorg/gradle/wrapper/WrapperConfiguration;)Ljava/lang/String;+26
j  org.gradle.wrapper.PathAssembler.getDistribution(Lorg/gradle/wrapper/WrapperConfiguration;)Lorg/gradle/wrapper/PathAssembler$LocalDistribution;+18
j  org.gradle.wrapper.Install.createDist(Lorg/gradle/wrapper/WrapperConfiguration;)Ljava/io/File;+15
j  org.gradle.wrapper.WrapperExecutor.execute([Ljava/lang/String;Lorg/gradle/wrapper/Install;Lorg/gradle/wrapper/BootstrapMainStarter;)V+5
j  org.gradle.wrapper.GradleWrapperMain.main([Ljava/lang/String;)V+190
v  ~StubRoutines::call_stub

---------------  P R O C E S S  ---------------

Threads class SMR info:
_java_thread_list=0x000001f1e7f22f70, length=14, elements={
0x000001f1c5cfe000, 0x000001f1e7c58a00, 0x000001f1e7c5a010, 0x000001f1e7ca7100,
0x000001f1e7caabd0, 0x000001f1e7cadf70, 0x000001f1e7cae920, 0x000001f1e7cad280,
0x000001f1e7cc6390, 0x000001f1e7cd35a0, 0x000001f1e7e34cb0, 0x000001f1e7e69220,
0x000001f1e7e7db70, 0x000001f1e7ed0840
}

Java Threads: ( => current thread )
=>0x000001f1c5cfe000 JavaThread "main" [_thread_in_vm, id=16092, stack(0x000000c30a500000,0x000000c30a600000)]
  0x000001f1e7c58a00 JavaThread "Reference Handler" daemon [_thread_blocked, id=8680, stack(0x000000c30ac00000,0x000000c30ad00000)]
  0x000001f1e7c5a010 JavaThread "Finalizer" daemon [_thread_blocked, id=17760, stack(0x000000c30ad00000,0x000000c30ae00000)]
  0x000001f1e7ca7100 JavaThread "Signal Dispatcher" daemon [_thread_blocked, id=14500, stack(0x000000c30ae00000,0x000000c30af00000)]
  0x000001f1e7caabd0 JavaThread "Attach Listener" daemon [_thread_blocked, id=10904, stack(0x000000c30af00000,0x000000c30b000000)]
  0x000001f1e7cadf70 JavaThread "Service Thread" daemon [_thread_blocked, id=15892, stack(0x000000c30b000000,0x000000c30b100000)]
  0x000001f1e7cae920 JavaThread "Monitor Deflation Thread" daemon [_thread_blocked, id=18044, stack(0x000000c30b100000,0x000000c30b200000)]
  0x000001f1e7cad280 JavaThread "C2 CompilerThread0" daemon [_thread_blocked, id=4940, stack(0x000000c30b200000,0x000000c30b300000)]
  0x000001f1e7cc6390 JavaThread "C1 CompilerThread0" daemon [_thread_blocked, id=2152, stack(0x000000c30b300000,0x000000c30b400000)]
  0x000001f1e7cd35a0 JavaThread "Sweeper thread" daemon [_thread_blocked, id=6164, stack(0x000000c30b400000,0x000000c30b500000)]
  0x000001f1e7e34cb0 JavaThread "C1 CompilerThread1" daemon [_thread_blocked, id=13584, stack(0x000000c30b500000,0x000000c30b600000)]
  0x000001f1e7e69220 JavaThread "Notification Thread" daemon [_thread_blocked, id=1780, stack(0x000000c30b600000,0x000000c30b700000)]
  0x000001f1e7e7db70 JavaThread "Common-Cleaner" daemon [_thread_blocked, id=15004, stack(0x000000c30b800000,0x000000c30b900000)]
  0x000001f1e7ed0840 JavaThread "C2 CompilerThread1" daemon [_thread_blocked, id=6360, stack(0x000000c30b900000,0x000000c30ba00000)]

Other Threads:
  0x000001f1e73aec00 VMThread "VM Thread" [stack: 0x000000c30ab00000,0x000000c30ac00000] [id=22992]
  0x000001f1c5f45dd0 WatcherThread [stack: 0x000000c30b700000,0x000000c30b800000] [id=12720]
  0x000001f1c5f272c0 GCTaskThread "GC Thread#0" [stack: 0x000000c30a600000,0x000000c30a700000] [id=16324]
  0x000001f1c5f38210 ConcurrentGCThread "G1 Main Marker" [stack: 0x000000c30a700000,0x000000c30a800000] [id=19652]
  0x000001f1c5f393c0 ConcurrentGCThread "G1 Conc#0" [stack: 0x000000c30a800000,0x000000c30a900000] [id=23336]
  0x000001f1c5f7e950 ConcurrentGCThread "G1 Refine#0" [stack: 0x000000c30a900000,0x000000c30aa00000] [id=21908]
  0x000001f1e72585b0 ConcurrentGCThread "G1 Service" [stack: 0x000000c30aa00000,0x000000c30ab00000] [id=16804]

Threads with active compile tasks:

VM state: not at safepoint (normal execution)

VM Mutex/Monitor currently owned by a thread:  ([mutex/lock_event])
[0x000001f1c5eaca50] Metaspace_lock - owner thread: 0x000001f1c5cfe000

Heap address: 0x0000000700c00000, size: 4084 MB, Compressed Oops mode: Zero based, Oop shift amount: 3

CDS archive(s) not mapped
Compressed class space mapped at: 0x0000000800000000-0x0000000840000000, reserved size: 1073741824
Narrow klass base: 0x0000000800000000, Narrow klass shift: 0, Narrow klass range: 0x40000000

GC Precious Log:
 CPUs: 16 total, 16 available
 Memory: 16334M
 Large Page Support: Disabled
 NUMA Support: Disabled
 Compressed Oops: Enabled (Zero based)
 Heap Region Size: 2M
 Heap Min Capacity: 8M
 Heap Initial Capacity: 256M
 Heap Max Capacity: 4084M
 Pre-touch: Disabled
 Parallel Workers: 13
 Concurrent Workers: 3
 Concurrent Refinement Workers: 13
 Periodic GC: Disabled

Heap:
 garbage-first heap   total 262144K, used 2048K [0x0000000700c00000, 0x0000000800000000)
  region size 2048K, 2 young (4096K), 0 survivors (0K)
 Metaspace       used 7456K, committed 7552K, reserved 1056768K
  class space    used 644K, committed 704K, reserved 1048576K

Heap Regions: E=young(eden), S=young(survivor), O=old, HS=humongous(starts), HC=humongous(continues), CS=collection set, F=free, OA=open archive, CA=closed archive, TAMS=top-at-mark-start (previous, next)
|   0|0x0000000700c00000, 0x0000000700c00000, 0x0000000700e00000|  0%| F|  |TAMS 0x0000000700c00000, 0x0000000700c00000| Untracked 
|   1|0x0000000700e00000, 0x0000000700e00000, 0x0000000701000000|  0%| F|  |TAMS 0x0000000700e00000, 0x0000000700e00000| Untracked 
|   2|0x0000000701000000, 0x0000000701000000, 0x0000000701200000|  0%| F|  |TAMS 0x0000000701000000, 0x0000000701000000| Untracked 
|   3|0x0000000701200000, 0x0000000701200000, 0x0000000701400000|  0%| F|  |TAMS 0x0000000701200000, 0x0000000701200000| Untracked 
|   4|0x0000000701400000, 0x0000000701400000, 0x0000000701600000|  0%| F|  |TAMS 0x0000000701400000, 0x0000000701400000| Untracked 
|   5|0x0000000701600000, 0x0000000701600000, 0x0000000701800000|  0%| F|  |TAMS 0x0000000701600000, 0x0000000701600000| Untracked 
|   6|0x0000000701800000, 0x0000000701800000, 0x0000000701a00000|  0%| F|  |TAMS 0x0000000701800000, 0x0000000701800000| Untracked 
|   7|0x0000000701a00000, 0x0000000701a00000, 0x0000000701c00000|  0%| F|  |TAMS 0x0000000701a00000, 0x0000000701a00000| Untracked 
|   8|0x0000000701c00000, 0x0000000701c00000, 0x0000000701e00000|  0%| F|  |TAMS 0x0000000701c00000, 0x0000000701c00000| Untracked 
|   9|0x0000000701e00000, 0x0000000701e00000, 0x0000000702000000|  0%| F|  |TAMS 0x0000000701e00000, 0x0000000701e00000| Untracked 
|  10|0x0000000702000000, 0x0000000702000000, 0x0000000702200000|  0%| F|  |TAMS 0x0000000702000000, 0x0000000702000000| Untracked 
|  11|0x0000000702200000, 0x0000000702200000, 0x0000000702400000|  0%| F|  |TAMS 0x0000000702200000, 0x0000000702200000| Untracked 
|  12|0x0000000702400000, 0x0000000702400000, 0x0000000702600000|  0%| F|  |TAMS 0x0000000702400000, 0x0000000702400000| Untracked 
|  13|0x0000000702600000, 0x0000000702600000, 0x0000000702800000|  0%| F|  |TAMS 0x0000000702600000, 0x0000000702600000| Untracked 
|  14|0x0000000702800000, 0x0000000702800000, 0x0000000702a00000|  0%| F|  |TAMS 0x0000000702800000, 0x0000000702800000| Untracked 
|  15|0x0000000702a00000, 0x0000000702a00000, 0x0000000702c00000|  0%| F|  |TAMS 0x0000000702a00000, 0x0000000702a00000| Untracked 
|  16|0x0000000702c00000, 0x0000000702c00000, 0x0000000702e00000|  0%| F|  |TAMS 0x0000000702c00000, 0x0000000702c00000| Untracked 
|  17|0x0000000702e00000, 0x0000000702e00000, 0x0000000703000000|  0%| F|  |TAMS 0x0000000702e00000, 0x0000000702e00000| Untracked 
|  18|0x0000000703000000, 0x0000000703000000, 0x0000000703200000|  0%| F|  |TAMS 0x0000000703000000, 0x0000000703000000| Untracked 
|  19|0x0000000703200000, 0x0000000703200000, 0x0000000703400000|  0%| F|  |TAMS 0x0000000703200000, 0x0000000703200000| Untracked 
|  20|0x0000000703400000, 0x0000000703400000, 0x0000000703600000|  0%| F|  |TAMS 0x0000000703400000, 0x0000000703400000| Untracked 
|  21|0x0000000703600000, 0x0000000703600000, 0x0000000703800000|  0%| F|  |TAMS 0x0000000703600000, 0x0000000703600000| Untracked 
|  22|0x0000000703800000, 0x0000000703800000, 0x0000000703a00000|  0%| F|  |TAMS 0x0000000703800000, 0x0000000703800000| Untracked 
|  23|0x0000000703a00000, 0x0000000703a00000, 0x0000000703c00000|  0%| F|  |TAMS 0x0000000703a00000, 0x0000000703a00000| Untracked 
|  24|0x0000000703c00000, 0x0000000703c00000, 0x0000000703e00000|  0%| F|  |TAMS 0x0000000703c00000, 0x0000000703c00000| Untracked 
|  25|0x0000000703e00000, 0x0000000703e00000, 0x0000000704000000|  0%| F|  |TAMS 0x0000000703e00000, 0x0000000703e00000| Untracked 
|  26|0x0000000704000000, 0x0000000704000000, 0x0000000704200000|  0%| F|  |TAMS 0x0000000704000000, 0x0000000704000000| Untracked 
|  27|0x0000000704200000, 0x0000000704200000, 0x0000000704400000|  0%| F|  |TAMS 0x0000000704200000, 0x0000000704200000| Untracked 
|  28|0x0000000704400000, 0x0000000704400000, 0x0000000704600000|  0%| F|  |TAMS 0x0000000704400000, 0x0000000704400000| Untracked 
|  29|0x0000000704600000, 0x0000000704600000, 0x0000000704800000|  0%| F|  |TAMS 0x0000000704600000, 0x0000000704600000| Untracked 
|  30|0x0000000704800000, 0x0000000704800000, 0x0000000704a00000|  0%| F|  |TAMS 0x0000000704800000, 0x0000000704800000| Untracked 
|  31|0x0000000704a00000, 0x0000000704a00000, 0x0000000704c00000|  0%| F|  |TAMS 0x0000000704a00000, 0x0000000704a00000| Untracked 
|  32|0x0000000704c00000, 0x0000000704c00000, 0x0000000704e00000|  0%| F|  |TAMS 0x0000000704c00000, 0x0000000704c00000| Untracked 
|  33|0x0000000704e00000, 0x0000000704e00000, 0x0000000705000000|  0%| F|  |TAMS 0x0000000704e00000, 0x0000000704e00000| Untracked 
|  34|0x0000000705000000, 0x0000000705000000, 0x0000000705200000|  0%| F|  |TAMS 0x0000000705000000, 0x0000000705000000| Untracked 
|  35|0x0000000705200000, 0x0000000705200000, 0x0000000705400000|  0%| F|  |TAMS 0x0000000705200000, 0x0000000705200000| Untracked 
|  36|0x0000000705400000, 0x0000000705400000, 0x0000000705600000|  0%| F|  |TAMS 0x0000000705400000, 0x0000000705400000| Untracked 
|  37|0x0000000705600000, 0x0000000705600000, 0x0000000705800000|  0%| F|  |TAMS 0x0000000705600000, 0x0000000705600000| Untracked 
|  38|0x0000000705800000, 0x0000000705800000, 0x0000000705a00000|  0%| F|  |TAMS 0x0000000705800000, 0x0000000705800000| Untracked 
|  39|0x0000000705a00000, 0x0000000705a00000, 0x0000000705c00000|  0%| F|  |TAMS 0x0000000705a00000, 0x0000000705a00000| Untracked 
|  40|0x0000000705c00000, 0x0000000705c00000, 0x0000000705e00000|  0%| F|  |TAMS 0x0000000705c00000, 0x0000000705c00000| Untracked 
|  41|0x0000000705e00000, 0x0000000705e00000, 0x0000000706000000|  0%| F|  |TAMS 0x0000000705e00000, 0x0000000705e00000| Untracked 
|  42|0x0000000706000000, 0x0000000706000000, 0x0000000706200000|  0%| F|  |TAMS 0x0000000706000000, 0x0000000706000000| Untracked 
|  43|0x0000000706200000, 0x0000000706200000, 0x0000000706400000|  0%| F|  |TAMS 0x0000000706200000, 0x0000000706200000| Untracked 
|  44|0x0000000706400000, 0x0000000706400000, 0x0000000706600000|  0%| F|  |TAMS 0x0000000706400000, 0x0000000706400000| Untracked 
|  45|0x0000000706600000, 0x0000000706600000, 0x0000000706800000|  0%| F|  |TAMS 0x0000000706600000, 0x0000000706600000| Untracked 
|  46|0x0000000706800000, 0x0000000706800000, 0x0000000706a00000|  0%| F|  |TAMS 0x0000000706800000, 0x0000000706800000| Untracked 
|  47|0x0000000706a00000, 0x0000000706a00000, 0x0000000706c00000|  0%| F|  |TAMS 0x0000000706a00000, 0x0000000706a00000| Untracked 
|  48|0x0000000706c00000, 0x0000000706c00000, 0x0000000706e00000|  0%| F|  |TAMS 0x0000000706c00000, 0x0000000706c00000| Untracked 
|  49|0x0000000706e00000, 0x0000000706e00000, 0x0000000707000000|  0%| F|  |TAMS 0x0000000706e00000, 0x0000000706e00000| Untracked 
|  50|0x0000000707000000, 0x0000000707000000, 0x0000000707200000|  0%| F|  |TAMS 0x0000000707000000, 0x0000000707000000| Untracked 
|  51|0x0000000707200000, 0x0000000707200000, 0x0000000707400000|  0%| F|  |TAMS 0x0000000707200000, 0x0000000707200000| Untracked 
|  52|0x0000000707400000, 0x0000000707400000, 0x0000000707600000|  0%| F|  |TAMS 0x0000000707400000, 0x0000000707400000| Untracked 
|  53|0x0000000707600000, 0x0000000707600000, 0x0000000707800000|  0%| F|  |TAMS 0x0000000707600000, 0x0000000707600000| Untracked 
|  54|0x0000000707800000, 0x0000000707800000, 0x0000000707a00000|  0%| F|  |TAMS 0x0000000707800000, 0x0000000707800000| Untracked 
|  55|0x0000000707a00000, 0x0000000707a00000, 0x0000000707c00000|  0%| F|  |TAMS 0x0000000707a00000, 0x0000000707a00000| Untracked 
|  56|0x0000000707c00000, 0x0000000707c00000, 0x0000000707e00000|  0%| F|  |TAMS 0x0000000707c00000, 0x0000000707c00000| Untracked 
|  57|0x0000000707e00000, 0x0000000707e00000, 0x0000000708000000|  0%| F|  |TAMS 0x0000000707e00000, 0x0000000707e00000| Untracked 
|  58|0x0000000708000000, 0x0000000708000000, 0x0000000708200000|  0%| F|  |TAMS 0x0000000708000000, 0x0000000708000000| Untracked 
|  59|0x0000000708200000, 0x0000000708200000, 0x0000000708400000|  0%| F|  |TAMS 0x0000000708200000, 0x0000000708200000| Untracked 
|  60|0x0000000708400000, 0x0000000708400000, 0x0000000708600000|  0%| F|  |TAMS 0x0000000708400000, 0x0000000708400000| Untracked 
|  61|0x0000000708600000, 0x0000000708600000, 0x0000000708800000|  0%| F|  |TAMS 0x0000000708600000, 0x0000000708600000| Untracked 
|  62|0x0000000708800000, 0x0000000708800000, 0x0000000708a00000|  0%| F|  |TAMS 0x0000000708800000, 0x0000000708800000| Untracked 
|  63|0x0000000708a00000, 0x0000000708a00000, 0x0000000708c00000|  0%| F|  |TAMS 0x0000000708a00000, 0x0000000708a00000| Untracked 
|  64|0x0000000708c00000, 0x0000000708c00000, 0x0000000708e00000|  0%| F|  |TAMS 0x0000000708c00000, 0x0000000708c00000| Untracked 
|  65|0x0000000708e00000, 0x0000000708e00000, 0x0000000709000000|  0%| F|  |TAMS 0x0000000708e00000, 0x0000000708e00000| Untracked 
|  66|0x0000000709000000, 0x0000000709000000, 0x0000000709200000|  0%| F|  |TAMS 0x0000000709000000, 0x0000000709000000| Untracked 
|  67|0x0000000709200000, 0x0000000709200000, 0x0000000709400000|  0%| F|  |TAMS 0x0000000709200000, 0x0000000709200000| Untracked 
|  68|0x0000000709400000, 0x0000000709400000, 0x0000000709600000|  0%| F|  |TAMS 0x0000000709400000, 0x0000000709400000| Untracked 
|  69|0x0000000709600000, 0x0000000709600000, 0x0000000709800000|  0%| F|  |TAMS 0x0000000709600000, 0x0000000709600000| Untracked 
|  70|0x0000000709800000, 0x0000000709800000, 0x0000000709a00000|  0%| F|  |TAMS 0x0000000709800000, 0x0000000709800000| Untracked 
|  71|0x0000000709a00000, 0x0000000709a00000, 0x0000000709c00000|  0%| F|  |TAMS 0x0000000709a00000, 0x0000000709a00000| Untracked 
|  72|0x0000000709c00000, 0x0000000709c00000, 0x0000000709e00000|  0%| F|  |TAMS 0x0000000709c00000, 0x0000000709c00000| Untracked 
|  73|0x0000000709e00000, 0x0000000709e00000, 0x000000070a000000|  0%| F|  |TAMS 0x0000000709e00000, 0x0000000709e00000| Untracked 
|  74|0x000000070a000000, 0x000000070a000000, 0x000000070a200000|  0%| F|  |TAMS 0x000000070a000000, 0x000000070a000000| Untracked 
|  75|0x000000070a200000, 0x000000070a200000, 0x000000070a400000|  0%| F|  |TAMS 0x000000070a200000, 0x000000070a200000| Untracked 
|  76|0x000000070a400000, 0x000000070a400000, 0x000000070a600000|  0%| F|  |TAMS 0x000000070a400000, 0x000000070a400000| Untracked 
|  77|0x000000070a600000, 0x000000070a600000, 0x000000070a800000|  0%| F|  |TAMS 0x000000070a600000, 0x000000070a600000| Untracked 
|  78|0x000000070a800000, 0x000000070a800000, 0x000000070aa00000|  0%| F|  |TAMS 0x000000070a800000, 0x000000070a800000| Untracked 
|  79|0x000000070aa00000, 0x000000070aa00000, 0x000000070ac00000|  0%| F|  |TAMS 0x000000070aa00000, 0x000000070aa00000| Untracked 
|  80|0x000000070ac00000, 0x000000070ac00000, 0x000000070ae00000|  0%| F|  |TAMS 0x000000070ac00000, 0x000000070ac00000| Untracked 
|  81|0x000000070ae00000, 0x000000070ae00000, 0x000000070b000000|  0%| F|  |TAMS 0x000000070ae00000, 0x000000070ae00000| Untracked 
|  82|0x000000070b000000, 0x000000070b000000, 0x000000070b200000|  0%| F|  |TAMS 0x000000070b000000, 0x000000070b000000| Untracked 
|  83|0x000000070b200000, 0x000000070b200000, 0x000000070b400000|  0%| F|  |TAMS 0x000000070b200000, 0x000000070b200000| Untracked 
|  84|0x000000070b400000, 0x000000070b400000, 0x000000070b600000|  0%| F|  |TAMS 0x000000070b400000, 0x000000070b400000| Untracked 
|  85|0x000000070b600000, 0x000000070b600000, 0x000000070b800000|  0%| F|  |TAMS 0x000000070b600000, 0x000000070b600000| Untracked 
|  86|0x000000070b800000, 0x000000070b800000, 0x000000070ba00000|  0%| F|  |TAMS 0x000000070b800000, 0x000000070b800000| Untracked 
|  87|0x000000070ba00000, 0x000000070ba00000, 0x000000070bc00000|  0%| F|  |TAMS 0x000000070ba00000, 0x000000070ba00000| Untracked 
|  88|0x000000070bc00000, 0x000000070bc00000, 0x000000070be00000|  0%| F|  |TAMS 0x000000070bc00000, 0x000000070bc00000| Untracked 
|  89|0x000000070be00000, 0x000000070be00000, 0x000000070c000000|  0%| F|  |TAMS 0x000000070be00000, 0x000000070be00000| Untracked 
|  90|0x000000070c000000, 0x000000070c000000, 0x000000070c200000|  0%| F|  |TAMS 0x000000070c000000, 0x000000070c000000| Untracked 
|  91|0x000000070c200000, 0x000000070c200000, 0x000000070c400000|  0%| F|  |TAMS 0x000000070c200000, 0x000000070c200000| Untracked 
|  92|0x000000070c400000, 0x000000070c400000, 0x000000070c600000|  0%| F|  |TAMS 0x000000070c400000, 0x000000070c400000| Untracked 
|  93|0x000000070c600000, 0x000000070c600000, 0x000000070c800000|  0%| F|  |TAMS 0x000000070c600000, 0x000000070c600000| Untracked 
|  94|0x000000070c800000, 0x000000070c800000, 0x000000070ca00000|  0%| F|  |TAMS 0x000000070c800000, 0x000000070c800000| Untracked 
|  95|0x000000070ca00000, 0x000000070ca00000, 0x000000070cc00000|  0%| F|  |TAMS 0x000000070ca00000, 0x000000070ca00000| Untracked 
|  96|0x000000070cc00000, 0x000000070cc00000, 0x000000070ce00000|  0%| F|  |TAMS 0x000000070cc00000, 0x000000070cc00000| Untracked 
|  97|0x000000070ce00000, 0x000000070ce00000, 0x000000070d000000|  0%| F|  |TAMS 0x000000070ce00000, 0x000000070ce00000| Untracked 
|  98|0x000000070d000000, 0x000000070d000000, 0x000000070d200000|  0%| F|  |TAMS 0x000000070d000000, 0x000000070d000000| Untracked 
|  99|0x000000070d200000, 0x000000070d200000, 0x000000070d400000|  0%| F|  |TAMS 0x000000070d200000, 0x000000070d200000| Untracked 
| 100|0x000000070d400000, 0x000000070d400000, 0x000000070d600000|  0%| F|  |TAMS 0x000000070d400000, 0x000000070d400000| Untracked 
| 101|0x000000070d600000, 0x000000070d600000, 0x000000070d800000|  0%| F|  |TAMS 0x000000070d600000, 0x000000070d600000| Untracked 
| 102|0x000000070d800000, 0x000000070d800000, 0x000000070da00000|  0%| F|  |TAMS 0x000000070d800000, 0x000000070d800000| Untracked 
| 103|0x000000070da00000, 0x000000070da00000, 0x000000070dc00000|  0%| F|  |TAMS 0x000000070da00000, 0x000000070da00000| Untracked 
| 104|0x000000070dc00000, 0x000000070dc00000, 0x000000070de00000|  0%| F|  |TAMS 0x000000070dc00000, 0x000000070dc00000| Untracked 
| 105|0x000000070de00000, 0x000000070de00000, 0x000000070e000000|  0%| F|  |TAMS 0x000000070de00000, 0x000000070de00000| Untracked 
| 106|0x000000070e000000, 0x000000070e000000, 0x000000070e200000|  0%| F|  |TAMS 0x000000070e000000, 0x000000070e000000| Untracked 
| 107|0x000000070e200000, 0x000000070e200000, 0x000000070e400000|  0%| F|  |TAMS 0x000000070e200000, 0x000000070e200000| Untracked 
| 108|0x000000070e400000, 0x000000070e400000, 0x000000070e600000|  0%| F|  |TAMS 0x000000070e400000, 0x000000070e400000| Untracked 
| 109|0x000000070e600000, 0x000000070e600000, 0x000000070e800000|  0%| F|  |TAMS 0x000000070e600000, 0x000000070e600000| Untracked 
| 110|0x000000070e800000, 0x000000070e800000, 0x000000070ea00000|  0%| F|  |TAMS 0x000000070e800000, 0x000000070e800000| Untracked 
| 111|0x000000070ea00000, 0x000000070ea00000, 0x000000070ec00000|  0%| F|  |TAMS 0x000000070ea00000, 0x000000070ea00000| Untracked 
| 112|0x000000070ec00000, 0x000000070ec00000, 0x000000070ee00000|  0%| F|  |TAMS 0x000000070ec00000, 0x000000070ec00000| Untracked 
| 113|0x000000070ee00000, 0x000000070ee00000, 0x000000070f000000|  0%| F|  |TAMS 0x000000070ee00000, 0x000000070ee00000| Untracked 
| 114|0x000000070f000000, 0x000000070f000000, 0x000000070f200000|  0%| F|  |TAMS 0x000000070f000000, 0x000000070f000000| Untracked 
| 115|0x000000070f200000, 0x000000070f200000, 0x000000070f400000|  0%| F|  |TAMS 0x000000070f200000, 0x000000070f200000| Untracked 
| 116|0x000000070f400000, 0x000000070f400000, 0x000000070f600000|  0%| F|  |TAMS 0x000000070f400000, 0x000000070f400000| Untracked 
| 117|0x000000070f600000, 0x000000070f600000, 0x000000070f800000|  0%| F|  |TAMS 0x000000070f600000, 0x000000070f600000| Untracked 
| 118|0x000000070f800000, 0x000000070f800000, 0x000000070fa00000|  0%| F|  |TAMS 0x000000070f800000, 0x000000070f800000| Untracked 
| 119|0x000000070fa00000, 0x000000070fa00000, 0x000000070fc00000|  0%| F|  |TAMS 0x000000070fa00000, 0x000000070fa00000| Untracked 
| 120|0x000000070fc00000, 0x000000070fc00000, 0x000000070fe00000|  0%| F|  |TAMS 0x000000070fc00000, 0x000000070fc00000| Untracked 
| 121|0x000000070fe00000, 0x000000070fe00000, 0x0000000710000000|  0%| F|  |TAMS 0x000000070fe00000, 0x000000070fe00000| Untracked 
| 122|0x0000000710000000, 0x0000000710000000, 0x0000000710200000|  0%| F|  |TAMS 0x0000000710000000, 0x0000000710000000| Untracked 
| 123|0x0000000710200000, 0x0000000710200000, 0x0000000710400000|  0%| F|  |TAMS 0x0000000710200000, 0x0000000710200000| Untracked 
| 124|0x0000000710400000, 0x0000000710400000, 0x0000000710600000|  0%| F|  |TAMS 0x0000000710400000, 0x0000000710400000| Untracked 
| 125|0x0000000710600000, 0x0000000710600000, 0x0000000710800000|  0%| F|  |TAMS 0x0000000710600000, 0x0000000710600000| Untracked 
| 126|0x0000000710800000, 0x00000007108e1cb0, 0x0000000710a00000| 44%| E|  |TAMS 0x0000000710800000, 0x0000000710800000| Complete 
| 127|0x0000000710a00000, 0x0000000710c00000, 0x0000000710c00000|100%| E|CS|TAMS 0x0000000710a00000, 0x0000000710a00000| Complete 

Card table byte_map: [0x000001f1db350000,0x000001f1dbb50000] _byte_map_base: 0x000001f1d7b4a000

Marking Bits (Prev, Next): (CMBitMap*) 0x000001f1c5f278d0, (CMBitMap*) 0x000001f1c5f27910
 Prev Bits: [0x000001f1dc350000, 0x000001f1e0320000)
 Next Bits: [0x000001f1e0320000, 0x000001f1e42f0000)

Polling page: 0x000001f1c5f80000

Metaspace:

Usage:
  Non-class:      6.65 MB used.
      Class:    644.70 KB used.
       Both:      7.28 MB used.

Virtual space:
  Non-class space:        8.00 MB reserved,       6.69 MB ( 84%) committed,  1 nodes.
      Class space:        1.00 GB reserved,     704.00 KB ( <1%) committed,  1 nodes.
             Both:        1.01 GB reserved,       7.38 MB ( <1%) committed. 

Chunk freelists:
   Non-Class:  1.00 MB
       Class:  3.23 MB
        Both:  4.23 MB

MaxMetaspaceSize: unlimited
CompressedClassSpaceSize: 1.00 GB
Initial GC threshold: 21.00 MB
Current GC threshold: 21.00 MB
CDS: off
MetaspaceReclaimPolicy: balanced
 - commit_granule_bytes: 65536.
 - commit_granule_words: 8192.
 - virtual_space_node_default_size: 1048576.
 - enlarge_chunks_in_place: 1.
 - new_chunks_are_fully_committed: 0.
 - uncommit_free_chunks: 1.
 - use_allocation_guard: 0.
 - handle_deallocations: 1.


Internal statistics:

num_allocs_failed_limit: 0.
num_arena_births: 6.
num_arena_deaths: 0.
num_vsnodes_births: 2.
num_vsnodes_deaths: 0.
num_space_committed: 118.
num_space_uncommitted: 0.
num_chunks_returned_to_freelist: 0.
num_chunks_taken_from_freelist: 29.
num_chunk_merges: 0.
num_chunk_splits: 11.
num_chunks_enlarged: 8.
num_purges: 0.
num_inconsistent_stats: 0.

CodeHeap 'non-profiled nmethods': size=119168Kb used=58Kb max_used=58Kb free=119109Kb
 bounds [0x000001f1d2720000, 0x000001f1d2990000, 0x000001f1d9b80000]
CodeHeap 'profiled nmethods': size=119104Kb used=317Kb max_used=317Kb free=118786Kb
 bounds [0x000001f1cab80000, 0x000001f1cadf0000, 0x000001f1d1fd0000]
CodeHeap 'non-nmethods': size=7488Kb used=1679Kb max_used=1691Kb free=5808Kb
 bounds [0x000001f1d1fd0000, 0x000001f1d2240000, 0x000001f1d2720000]
 total_blobs=635 nmethods=238 adapters=309
 compilation: enabled
              stopped_count=0, restarted_count=0
 full_count=0

Compilation events (20 events):
Event: 0.159 Thread 0x000001f1e7cc6390 nmethod 221 0x000001f1cabc9310 code [0x000001f1cabc9540, 0x000001f1cabc9bf8]
Event: 0.159 Thread 0x000001f1e7cc6390  224       3       java.lang.invoke.MethodType::makeImpl (109 bytes)
Event: 0.159 Thread 0x000001f1e7e34cb0 nmethod 223 0x000001f1cabc9e90 code [0x000001f1cabca040, 0x000001f1cabca278]
Event: 0.159 Thread 0x000001f1e7e34cb0  225       3       java.lang.invoke.MethodType$ConcurrentWeakInternSet::get (47 bytes)
Event: 0.160 Thread 0x000001f1e7e34cb0 nmethod 225 0x000001f1cabca310 code [0x000001f1cabca540, 0x000001f1cabcaed8]
Event: 0.160 Thread 0x000001f1e7cc6390 nmethod 224 0x000001f1cabcb290 code [0x000001f1cabcb540, 0x000001f1cabcc378]
Event: 0.160 Thread 0x000001f1e7cc6390  227       3       jdk.internal.org.objectweb.asm.SymbolTable::hash (10 bytes)
Event: 0.160 Thread 0x000001f1e7cc6390 nmethod 227 0x000001f1cabcc810 code [0x000001f1cabcc9a0, 0x000001f1cabccac8]
Event: 0.161 Thread 0x000001f1e7cc6390  228       1       java.lang.invoke.MethodType$ConcurrentWeakInternSet$WeakEntry::hashCode (5 bytes)
Event: 0.161 Thread 0x000001f1e7cc6390 nmethod 228 0x000001f1d272d610 code [0x000001f1d272d7a0, 0x000001f1d272d878]
Event: 0.161 Thread 0x000001f1e7e34cb0  229       3       java.lang.Number::<init> (5 bytes)
Event: 0.161 Thread 0x000001f1e7cc6390  230       3       java.lang.Class::getClassLoader (28 bytes)
Event: 0.161 Thread 0x000001f1e7e34cb0 nmethod 229 0x000001f1cabccb90 code [0x000001f1cabccd20, 0x000001f1cabcce78]
Event: 0.161 Thread 0x000001f1e7e34cb0  232       3       jdk.internal.org.objectweb.asm.Symbol::<init> (38 bytes)
Event: 0.161 Thread 0x000001f1e7e34cb0 nmethod 232 0x000001f1cabccf10 code [0x000001f1cabcd0c0, 0x000001f1cabcd378]
Event: 0.161 Thread 0x000001f1e7e34cb0  233       3       jdk.internal.org.objectweb.asm.SymbolTable::put (150 bytes)
Event: 0.161 Thread 0x000001f1e7cc6390 nmethod 230 0x000001f1cabcd490 code [0x000001f1cabcd6c0, 0x000001f1cabce078]
Event: 0.161 Thread 0x000001f1e7cc6390  235       3       java.lang.invoke.MethodType::parameterCount (6 bytes)
Event: 0.161 Thread 0x000001f1e7cc6390 nmethod 235 0x000001f1cabce390 code [0x000001f1cabce520, 0x000001f1cabce638]
Event: 0.161 Thread 0x000001f1e7e34cb0 nmethod 233 0x000001f1cabce710 code [0x000001f1cabce900, 0x000001f1cabcf1d8]

GC Heap History (0 events):
No events

Dll operation events (2 events):
Event: 0.006 Loaded shared library D:\work\AS_env\jbr\bin\java.dll
Event: 0.093 Loaded shared library D:\work\AS_env\jbr\bin\verify.dll

Deoptimization events (0 events):
No events

Classes unloaded (0 events):
No events

Classes redefined (0 events):
No events

Internal exceptions (0 events):
No events

VM Operations (2 events):
Event: 0.090 Executing VM operation: HandshakeAllThreads
Event: 0.090 Executing VM operation: HandshakeAllThreads done

Events (20 events):
Event: 0.158 loading class java/lang/constant/DirectMethodHandleDescImpl$1 done
Event: 0.158 loading class java/lang/constant/DirectMethodHandleDesc$1
Event: 0.158 loading class java/lang/constant/DirectMethodHandleDesc$1 done
Event: 0.158 loading class java/lang/constant/PrimitiveClassDescImpl
Event: 0.159 loading class java/lang/constant/DynamicConstantDesc
Event: 0.159 loading class java/lang/constant/DynamicConstantDesc done
Event: 0.159 loading class java/lang/constant/PrimitiveClassDescImpl done
Event: 0.159 loading class java/lang/constant/DynamicConstantDesc$AnonymousDynamicConstantDesc
Event: 0.159 loading class java/lang/constant/DynamicConstantDesc$AnonymousDynamicConstantDesc done
Event: 0.159 loading class sun/security/provider/ByteArrayAccess
Event: 0.159 loading class sun/security/provider/ByteArrayAccess done
Event: 0.159 loading class java/lang/StrictMath
Event: 0.159 loading class java/lang/StrictMath done
Event: 0.159 loading class java/math/MutableBigInteger
Event: 0.160 loading class java/math/MutableBigInteger done
Event: 0.161 loading class java/util/regex/Pattern$Ques
Event: 0.161 loading class java/util/regex/Pattern$Ques done
Event: 0.161 loading class java/util/Locale$Category
Event: 0.161 loading class java/util/Locale$Category done
Event: 0.162 loading class java/util/Formatter$Conversion


Dynamic libraries:
0x00007ff65c910000 - 0x00007ff65c91a000 	D:\work\AS_env\jbr\bin\java.exe
0x00007ff987650000 - 0x00007ff987848000 	C:\WINDOWS\SYSTEM32\ntdll.dll
0x00007ff95a0c0000 - 0x00007ff95a0d9000 	C:\Program Files\Avast Software\Avast\aswhook.dll
0x00007ff986250000 - 0x00007ff98630d000 	C:\WINDOWS\System32\KERNEL32.DLL
0x00007ff985050000 - 0x00007ff985346000 	C:\WINDOWS\System32\KERNELBASE.dll
0x00007ff985350000 - 0x00007ff985450000 	C:\WINDOWS\System32\ucrtbase.dll
0x00007ff93e450000 - 0x00007ff93e467000 	D:\work\AS_env\jbr\bin\jli.dll
0x00007ff97fac0000 - 0x00007ff97fadb000 	D:\work\AS_env\jbr\bin\VCRUNTIME140.dll
0x00007ff986a60000 - 0x00007ff986bfe000 	C:\WINDOWS\System32\USER32.dll
0x00007ff985450000 - 0x00007ff985472000 	C:\WINDOWS\System32\win32u.dll
0x00007ff973a60000 - 0x00007ff973cfa000 	C:\WINDOWS\WinSxS\amd64_microsoft.windows.common-controls_6595b64144ccf1df_6.0.19041.3636_none_60b6a03d71f818d5\COMCTL32.dll
0x00007ff985a70000 - 0x00007ff985a9c000 	C:\WINDOWS\System32\GDI32.dll
0x00007ff985c80000 - 0x00007ff985d1e000 	C:\WINDOWS\System32\msvcrt.dll
0x00007ff984f00000 - 0x00007ff98501a000 	C:\WINDOWS\System32\gdi32full.dll
0x00007ff984dd0000 - 0x00007ff984e6d000 	C:\WINDOWS\System32\msvcp_win.dll
0x00007ff986ef0000 - 0x00007ff986f20000 	C:\WINDOWS\System32\IMM32.DLL
0x00007ff97f420000 - 0x00007ff97f42c000 	D:\work\AS_env\jbr\bin\vcruntime140_1.dll
0x00007ff95a630000 - 0x00007ff95a6bd000 	D:\work\AS_env\jbr\bin\msvcp140.dll
0x00007ff917ec0000 - 0x00007ff918b2e000 	D:\work\AS_env\jbr\bin\server\jvm.dll
0x00007ff985ed0000 - 0x00007ff985f83000 	C:\WINDOWS\System32\ADVAPI32.dll
0x00007ff985aa0000 - 0x00007ff985b3f000 	C:\WINDOWS\System32\sechost.dll
0x00007ff986120000 - 0x00007ff986246000 	C:\WINDOWS\System32\RPCRT4.dll
0x00007ff985020000 - 0x00007ff985047000 	C:\WINDOWS\System32\bcrypt.dll
0x00007ff97b370000 - 0x00007ff97b397000 	C:\WINDOWS\SYSTEM32\WINMM.dll
0x00007ff97daa0000 - 0x00007ff97daaa000 	C:\WINDOWS\SYSTEM32\VERSION.dll
0x00007ff964090000 - 0x00007ff964099000 	C:\WINDOWS\SYSTEM32\WSOCK32.dll
0x00007ff986000000 - 0x00007ff98606b000 	C:\WINDOWS\System32\WS2_32.dll
0x00007ff982bf0000 - 0x00007ff982c02000 	C:\WINDOWS\SYSTEM32\kernel.appcore.dll
0x00007ff96ab80000 - 0x00007ff96ab8a000 	D:\work\AS_env\jbr\bin\jimage.dll
0x00007ff97cba0000 - 0x00007ff97cd84000 	C:\WINDOWS\SYSTEM32\DBGHELP.DLL
0x00007ff96e6d0000 - 0x00007ff96e704000 	C:\WINDOWS\SYSTEM32\dbgcore.DLL
0x00007ff984e70000 - 0x00007ff984ef2000 	C:\WINDOWS\System32\bcryptPrimitives.dll
0x00007ff960c90000 - 0x00007ff960cb5000 	D:\work\AS_env\jbr\bin\java.dll
0x00007ff96a4a0000 - 0x00007ff96a4b8000 	D:\work\AS_env\jbr\bin\zip.dll
0x00007ff986310000 - 0x00007ff986a55000 	C:\WINDOWS\System32\SHELL32.dll
0x00007ff982df0000 - 0x00007ff98358b000 	C:\WINDOWS\SYSTEM32\windows.storage.dll
0x00007ff985700000 - 0x00007ff985a54000 	C:\WINDOWS\System32\combase.dll
0x00007ff9846e0000 - 0x00007ff98470d000 	C:\WINDOWS\SYSTEM32\Wldp.dll
0x00007ff986070000 - 0x00007ff98611d000 	C:\WINDOWS\System32\SHCORE.dll
0x00007ff9856a0000 - 0x00007ff9856f5000 	C:\WINDOWS\System32\shlwapi.dll
0x00007ff984c50000 - 0x00007ff984c75000 	C:\WINDOWS\SYSTEM32\profapi.dll
0x00007ff93e490000 - 0x00007ff93e4a9000 	D:\work\AS_env\jbr\bin\net.dll
0x00007ff97e4c0000 - 0x00007ff97e5ca000 	C:\WINDOWS\SYSTEM32\WINHTTP.dll
0x00007ff9843e0000 - 0x00007ff98444a000 	C:\WINDOWS\system32\mswsock.dll
0x00007ff93e470000 - 0x00007ff93e486000 	D:\work\AS_env\jbr\bin\nio.dll
0x00007ff96a860000 - 0x00007ff96a870000 	D:\work\AS_env\jbr\bin\verify.dll

dbghelp: loaded successfully - version: 4.0.5 - missing functions: none
symbol engine: initialized successfully - sym options: 0x614 - pdb path: .;D:\work\AS_env\jbr\bin;C:\WINDOWS\SYSTEM32;C:\Program Files\Avast Software\Avast;C:\WINDOWS\WinSxS\amd64_microsoft.windows.common-controls_6595b64144ccf1df_6.0.19041.3636_none_60b6a03d71f818d5;D:\work\AS_env\jbr\bin\server

VM Arguments:
jvm_args: -Dorg.gradle.appname=gradlew 
java_command: org.gradle.wrapper.GradleWrapperMain -q -Ptarget-platform=android-arm64 -Ptarget=D:\work\Flutter_to_do\repo_6\lib\main.dart -Pbase-application-name=android.app.Application -Pdart-defines=Zmx1dHRlci5pbnNwZWN0b3Iuc3RydWN0dXJlZEVycm9ycz10cnVl,RkxVVFRFUl9XRUJfQVVUT19ERVRFQ1Q9dHJ1ZQ==,RkxVVFRFUl9XRUJfQ0FOVkFTS0lUX1VSTD1odHRwczovL3d3dy5nc3RhdGljLmNvbS9mbHV0dGVyLWNhbnZhc2tpdC9hNzk0Y2YyNjgxYzZjOWZlN2IyNjBlMGU4NGRlOTYyOThkYzljMThiLw== -Pdart-obfuscation=false -Ptrack-widget-creation=true -Ptree-shake-icons=false -Pfilesystem-scheme=org-dartlang-root assembleDebug
java_class_path (initial): D:\work\Flutter_to_do\repo_6\android\\gradle\wrapper\gradle-wrapper.jar
Launcher Type: SUN_STANDARD

[Global flags]
     intx CICompilerCount                          = 12                                        {product} {ergonomic}
     uint ConcGCThreads                            = 3                                         {product} {ergonomic}
     uint G1ConcRefinementThreads                  = 13                                        {product} {ergonomic}
   size_t G1HeapRegionSize                         = 2097152                                   {product} {ergonomic}
    uintx GCDrainStackTargetSize                   = 64                                        {product} {ergonomic}
   size_t InitialHeapSize                          = 268435456                                 {product} {ergonomic}
   size_t MarkStackSize                            = 4194304                                   {product} {ergonomic}
   size_t MaxHeapSize                              = 4282384384                                {product} {ergonomic}
   size_t MaxNewSize                               = 2569011200                                {product} {ergonomic}
   size_t MinHeapDeltaBytes                        = 2097152                                   {product} {ergonomic}
   size_t MinHeapSize                              = 8388608                                   {product} {ergonomic}
    uintx NonNMethodCodeHeapSize                   = 7602480                                {pd product} {ergonomic}
    uintx NonProfiledCodeHeapSize                  = 122027880                              {pd product} {ergonomic}
    uintx ProfiledCodeHeapSize                     = 122027880                              {pd product} {ergonomic}
    uintx ReservedCodeCacheSize                    = 251658240                              {pd product} {ergonomic}
     bool SegmentedCodeCache                       = true                                      {product} {ergonomic}
   size_t SoftMaxHeapSize                          = 4282384384                             {manageable} {ergonomic}
     bool UseCompressedClassPointers               = true                           {product lp64_product} {ergonomic}
     bool UseCompressedOops                        = true                           {product lp64_product} {ergonomic}
     bool UseG1GC                                  = true                                      {product} {ergonomic}
     bool UseLargePagesIndividualAllocation        = false                                  {pd product} {ergonomic}

Logging:
Log output configuration:
 #0: stdout all=warning uptime,level,tags
 #1: stderr all=off uptime,level,tags

Environment Variables:
JAVA_HOME=D:\work\AS_env\jbr
CLASSPATH=D:\work\Flutter_to_do\repo_6\android\\gradle\wrapper\gradle-wrapper.jar
PATH=D:\work\AS_env\jbr\bin;C:\Program Files\Common Files\Oracle\Java\javapath;C:\Program Files (x86)\Common Files\Oracle\Java\javapath;C:\Windows\system32;C:\Windows;C:\Windows\System32\Wbem;C:\Windows\System32\WindowsPowerShell\v1.0\;C:\WINDOWS\system32;C:\WINDOWS;C:\WINDOWS\System32\Wbem;C:\WINDOWS\System32\WindowsPowerShell\v1.0\;C:\WINDOWS\System32\OpenSSH\;C:\RVI\Filters;C:\Program Files (x86)\IBM\Client Access\Emulator;C:\Program Files (x86)\IBM\Client Access\Shared;C:\Program Files (x86)\IBM\Client Access\;C:\WINDOWS\system32;C:\WINDOWS;C:\WINDOWS\System32\Wbem;C:\WINDOWS\System32\WindowsPowerShell\v1.0\;C:\WINDOWS\System32\OpenSSH\;C:\Users\admin\AppData\Local\Microsoft\WindowsApps;C:\adb;C:\Program Files\Git\cmd;C:\Program Files (x86)\Windows Kits\10\Windows Performance Toolkit\;D:\work\sqlLite;D:\work\Repo_1\Main_repo\tesseract-ocr-tesseract-bc059ec;C:\Users\admin\AppData\Local\Programs\Python\Python311\Scripts\;C:\Users\admin\AppData\Local\Programs\Python\Python311\;C:\Users\admin\AppData\Local\Microsoft\WindowsApps;C:\Users\admin\AppData\Local\Programs\Microsoft VS Code\bin;D:\work\flutter\bin;C:\Users\admin\AppData\Local\GitHubDesktop\bin;D:\work\Tesseract-OCR;D:\work\dart-sdk\bin;C:\Program Files\Java\jdk-17\bin;;D:\work\flutter\bin\mingit\cmd
USERNAME=admin
OS=Windows_NT
PROCESSOR_IDENTIFIER=AMD64 Family 23 Model 8 Stepping 2, AuthenticAMD
TMP=C:\Users\admin\AppData\Local\Temp
TEMP=C:\Users\admin\AppData\Local\Temp


JNI global refs:
JNI global refs: 16, weak refs: 0

JNI global refs memory usage: 843, weak refs: 209


---------------  S Y S T E M  ---------------

OS:
 Windows 10 , 64 bit Build 19041 (10.0.19041.3636)
OS uptime: 5 days 22:04 hours

CPU: total 16 (initial active 16) (16 cores per cpu, 2 threads per core) family 23 model 8 stepping 2 microcode 0x0, cx8, cmov, fxsr, ht, mmx, 3dnowpref, sse, sse2, sse3, ssse3, sse4a, sse4.1, sse4.2, popcnt, lzcnt, tsc, tscinvbit, avx, avx2, aes, clmul, bmi1, bmi2, adx, sha, fma, vzeroupper, clflush, clflushopt

Memory: 4k page, system-wide physical 16334M (6105M free)
TotalPageFile size 35079M (AvailPageFile size 134M)
current process WorkingSet (physical memory assigned to process): 39M, peak: 39M
current process commit charge ("private bytes"): 352M, peak: 352M

vm_info: OpenJDK 64-Bit Server VM (17.0.6+0-b2043.56-10027231) for windows-amd64 JRE (17.0.6+0-b2043.56-10027231), built on Apr 28 2023 00:43:19 by "androidbuild" with MS VC++ 16.10 / 16.11 (VS2019)

END.
